{"/Users/kavikasuzuki/Desktop/University_Of_Portland/2023_Spring/CS_341/cs341-spring-2023-bandage/diagnosis/App.js": {"path":"/Users/kavikasuzuki/Desktop/University_Of_Portland/2023_Spring/CS_341/cs341-spring-2023-bandage/diagnosis/App.js","statementMap":{"0":{"start":{"line":6,"column":0},"end":{"line":11,"column":3}},"1":{"start":{"line":17,"column":2},"end":{"line":19,"column":4}}},"fnMap":{"0":{"name":"App","decl":{"start":{"line":16,"column":24},"end":{"line":16,"column":27}},"loc":{"start":{"line":16,"column":30},"end":{"line":20,"column":1}},"line":16}},"branchMap":{},"s":{"0":1,"1":0},"f":{"0":0},"b":{},"_coverageSchema":"1a1c01bbd47fc00a2c39e90264f33305004495a9","hash":"90c387d9d01ab8d5fb422ef9ec9fcedd87c88b72"}
,"/Users/kavikasuzuki/Desktop/University_Of_Portland/2023_Spring/CS_341/cs341-spring-2023-bandage/diagnosis/assets/Andre-314x314.png": {"path":"/Users/kavikasuzuki/Desktop/University_Of_Portland/2023_Spring/CS_341/cs341-spring-2023-bandage/diagnosis/assets/Andre-314x314.png","statementMap":{"0":{"start":{"line":1,"column":0},"end":{"line":1,"column":19}}},"fnMap":{},"branchMap":{},"s":{"0":1},"f":{},"b":{},"_coverageSchema":"1a1c01bbd47fc00a2c39e90264f33305004495a9","hash":"5fe9a7c848e497bc9bfd57a01d632d62a4ff695c"}
,"/Users/kavikasuzuki/Desktop/University_Of_Portland/2023_Spring/CS_341/cs341-spring-2023-bandage/diagnosis/assets/Sullivan.jpeg": {"path":"/Users/kavikasuzuki/Desktop/University_Of_Portland/2023_Spring/CS_341/cs341-spring-2023-bandage/diagnosis/assets/Sullivan.jpeg","statementMap":{"0":{"start":{"line":1,"column":0},"end":{"line":1,"column":19}}},"fnMap":{},"branchMap":{},"s":{"0":1},"f":{},"b":{},"_coverageSchema":"1a1c01bbd47fc00a2c39e90264f33305004495a9","hash":"42ef3772d81300a67cfab14ee5b664a005abce92"}
,"/Users/kavikasuzuki/Desktop/University_Of_Portland/2023_Spring/CS_341/cs341-spring-2023-bandage/diagnosis/assets/cropped-logo_new-1.png": {"path":"/Users/kavikasuzuki/Desktop/University_Of_Portland/2023_Spring/CS_341/cs341-spring-2023-bandage/diagnosis/assets/cropped-logo_new-1.png","statementMap":{"0":{"start":{"line":1,"column":0},"end":{"line":1,"column":19}}},"fnMap":{},"branchMap":{},"s":{"0":2},"f":{},"b":{},"_coverageSchema":"1a1c01bbd47fc00a2c39e90264f33305004495a9","hash":"649ea8a7f9b28d118e4d3c79447fddf83b6f7ab7"}
,"/Users/kavikasuzuki/Desktop/University_Of_Portland/2023_Spring/CS_341/cs341-spring-2023-bandage/diagnosis/assets/ishita-sharma.jpeg": {"path":"/Users/kavikasuzuki/Desktop/University_Of_Portland/2023_Spring/CS_341/cs341-spring-2023-bandage/diagnosis/assets/ishita-sharma.jpeg","statementMap":{"0":{"start":{"line":1,"column":0},"end":{"line":1,"column":19}}},"fnMap":{},"branchMap":{},"s":{"0":1},"f":{},"b":{},"_coverageSchema":"1a1c01bbd47fc00a2c39e90264f33305004495a9","hash":"2b725515a22097eac355557383ef893a7923193b"}
,"/Users/kavikasuzuki/Desktop/University_Of_Portland/2023_Spring/CS_341/cs341-spring-2023-bandage/diagnosis/assets/jgn.jpg": {"path":"/Users/kavikasuzuki/Desktop/University_Of_Portland/2023_Spring/CS_341/cs341-spring-2023-bandage/diagnosis/assets/jgn.jpg","statementMap":{"0":{"start":{"line":1,"column":0},"end":{"line":1,"column":19}}},"fnMap":{},"branchMap":{},"s":{"0":1},"f":{},"b":{},"_coverageSchema":"1a1c01bbd47fc00a2c39e90264f33305004495a9","hash":"0af9df567811bcf620ad6ff6064621e2e3521033"}
,"/Users/kavikasuzuki/Desktop/University_Of_Portland/2023_Spring/CS_341/cs341-spring-2023-bandage/diagnosis/assets/stethoscope.jpeg": {"path":"/Users/kavikasuzuki/Desktop/University_Of_Portland/2023_Spring/CS_341/cs341-spring-2023-bandage/diagnosis/assets/stethoscope.jpeg","statementMap":{"0":{"start":{"line":1,"column":0},"end":{"line":1,"column":19}}},"fnMap":{},"branchMap":{},"s":{"0":1},"f":{},"b":{},"_coverageSchema":"1a1c01bbd47fc00a2c39e90264f33305004495a9","hash":"d5bcb476c3af49b20cd87a160b1055b64612a0da"}
,"/Users/kavikasuzuki/Desktop/University_Of_Portland/2023_Spring/CS_341/cs341-spring-2023-bandage/diagnosis/components/CarouselCardItem.js": {"path":"/Users/kavikasuzuki/Desktop/University_Of_Portland/2023_Spring/CS_341/cs341-spring-2023-bandage/diagnosis/components/CarouselCardItem.js","statementMap":{"0":{"start":{"line":4,"column":28},"end":{"line":4,"column":63}},"1":{"start":{"line":5,"column":26},"end":{"line":5,"column":56}},"2":{"start":{"line":7,"column":25},"end":{"line":16,"column":1}},"3":{"start":{"line":8,"column":4},"end":{"line":15,"column":5}},"4":{"start":{"line":18,"column":15},"end":{"line":36,"column":2}}},"fnMap":{"0":{"name":"(anonymous_0)","decl":{"start":{"line":7,"column":25},"end":{"line":7,"column":26}},"loc":{"start":{"line":7,"column":46},"end":{"line":16,"column":1}},"line":7}},"branchMap":{},"s":{"0":1,"1":1,"2":1,"3":0,"4":1},"f":{"0":0},"b":{},"_coverageSchema":"1a1c01bbd47fc00a2c39e90264f33305004495a9","hash":"d03f208ff1b89d12dc2be86889237aa02864bcec"}
,"/Users/kavikasuzuki/Desktop/University_Of_Portland/2023_Spring/CS_341/cs341-spring-2023-bandage/diagnosis/components/CustomDrawer.js": {"path":"/Users/kavikasuzuki/Desktop/University_Of_Portland/2023_Spring/CS_341/cs341-spring-2023-bandage/diagnosis/components/CustomDrawer.js","statementMap":{"0":{"start":{"line":7,"column":21},"end":{"line":40,"column":1}},"1":{"start":{"line":8,"column":4},"end":{"line":39,"column":5}},"2":{"start":{"line":24,"column":20},"end":{"line":24,"column":57}},"3":{"start":{"line":42,"column":15},"end":{"line":53,"column":2}}},"fnMap":{"0":{"name":"(anonymous_0)","decl":{"start":{"line":7,"column":21},"end":{"line":7,"column":22}},"loc":{"start":{"line":7,"column":32},"end":{"line":40,"column":1}},"line":7},"1":{"name":"(anonymous_1)","decl":{"start":{"line":23,"column":39},"end":{"line":23,"column":40}},"loc":{"start":{"line":23,"column":44},"end":{"line":25,"column":17}},"line":23}},"branchMap":{},"s":{"0":2,"1":0,"2":0,"3":2},"f":{"0":0,"1":0},"b":{},"_coverageSchema":"1a1c01bbd47fc00a2c39e90264f33305004495a9","hash":"43111823242abaf734bafbd8e8d55e233614de48"}
,"/Users/kavikasuzuki/Desktop/University_Of_Portland/2023_Spring/CS_341/cs341-spring-2023-bandage/diagnosis/components/KeyboardAvoidWrap.js": {"path":"/Users/kavikasuzuki/Desktop/University_Of_Portland/2023_Spring/CS_341/cs341-spring-2023-bandage/diagnosis/components/KeyboardAvoidWrap.js","statementMap":{"0":{"start":{"line":6,"column":26},"end":{"line":16,"column":1}},"1":{"start":{"line":7,"column":4},"end":{"line":15,"column":6}}},"fnMap":{"0":{"name":"(anonymous_0)","decl":{"start":{"line":6,"column":26},"end":{"line":6,"column":27}},"loc":{"start":{"line":6,"column":42},"end":{"line":16,"column":1}},"line":6}},"branchMap":{},"s":{"0":4,"1":13},"f":{"0":13},"b":{},"_coverageSchema":"1a1c01bbd47fc00a2c39e90264f33305004495a9","hash":"3078a52b7c6135fd3121678e94df948ce055e722"}
,"/Users/kavikasuzuki/Desktop/University_Of_Portland/2023_Spring/CS_341/cs341-spring-2023-bandage/diagnosis/components/SignUpLoginStyles.js": {"path":"/Users/kavikasuzuki/Desktop/University_Of_Portland/2023_Spring/CS_341/cs341-spring-2023-bandage/diagnosis/components/SignUpLoginStyles.js","statementMap":{"0":{"start":{"line":5,"column":24},"end":{"line":5,"column":49}},"1":{"start":{"line":7,"column":22},"end":{"line":15,"column":1}},"2":{"start":{"line":17,"column":92},"end":{"line":17,"column":98}},"3":{"start":{"line":19,"column":31},"end":{"line":26,"column":1}},"4":{"start":{"line":28,"column":30},"end":{"line":32,"column":1}},"5":{"start":{"line":34,"column":24},"end":{"line":37,"column":1}},"6":{"start":{"line":39,"column":25},"end":{"line":44,"column":1}},"7":{"start":{"line":46,"column":26},"end":{"line":48,"column":1}},"8":{"start":{"line":50,"column":30},"end":{"line":61,"column":1}},"9":{"start":{"line":63,"column":31},"end":{"line":65,"column":1}},"10":{"start":{"line":67,"column":25},"end":{"line":72,"column":1}},"11":{"start":{"line":73,"column":23},"end":{"line":78,"column":1}},"12":{"start":{"line":80,"column":28},"end":{"line":88,"column":1}},"13":{"start":{"line":89,"column":26},"end":{"line":92,"column":1}},"14":{"start":{"line":94,"column":26},"end":{"line":98,"column":1}},"15":{"start":{"line":100,"column":20},"end":{"line":105,"column":1}},"16":{"start":{"line":107,"column":25},"end":{"line":112,"column":1}},"17":{"start":{"line":114,"column":25},"end":{"line":119,"column":1}},"18":{"start":{"line":121,"column":24},"end":{"line":124,"column":1}},"19":{"start":{"line":126,"column":31},"end":{"line":129,"column":1}}},"fnMap":{},"branchMap":{},"s":{"0":6,"1":6,"2":6,"3":6,"4":6,"5":6,"6":6,"7":6,"8":6,"9":6,"10":6,"11":6,"12":6,"13":6,"14":6,"15":6,"16":6,"17":6,"18":6,"19":6},"f":{},"b":{},"_coverageSchema":"1a1c01bbd47fc00a2c39e90264f33305004495a9","hash":"5aeb5076bc6cd67b40d585943499c5de5d807523"}
,"/Users/kavikasuzuki/Desktop/University_Of_Portland/2023_Spring/CS_341/cs341-spring-2023-bandage/diagnosis/navigators/DrawerNavigator.js": {"path":"/Users/kavikasuzuki/Desktop/University_Of_Portland/2023_Spring/CS_341/cs341-spring-2023-bandage/diagnosis/navigators/DrawerNavigator.js","statementMap":{"0":{"start":{"line":29,"column":15},"end":{"line":29,"column":38}},"1":{"start":{"line":31,"column":24},"end":{"line":179,"column":1}},"2":{"start":{"line":32,"column":2},"end":{"line":178,"column":4}},"3":{"start":{"line":34,"column":48},"end":{"line":34,"column":75}},"4":{"start":{"line":45,"column":36},"end":{"line":45,"column":60}},"5":{"start":{"line":51,"column":14},"end":{"line":51,"column":70}},"6":{"start":{"line":58,"column":36},"end":{"line":58,"column":60}},"7":{"start":{"line":65,"column":14},"end":{"line":65,"column":72}},"8":{"start":{"line":72,"column":36},"end":{"line":72,"column":60}},"9":{"start":{"line":78,"column":14},"end":{"line":78,"column":70}},"10":{"start":{"line":85,"column":34},"end":{"line":85,"column":58}},"11":{"start":{"line":91,"column":12},"end":{"line":91,"column":68}},"12":{"start":{"line":98,"column":36},"end":{"line":98,"column":60}},"13":{"start":{"line":104,"column":14},"end":{"line":104,"column":67}},"14":{"start":{"line":111,"column":36},"end":{"line":111,"column":60}},"15":{"start":{"line":117,"column":14},"end":{"line":117,"column":63}},"16":{"start":{"line":124,"column":36},"end":{"line":124,"column":60}},"17":{"start":{"line":130,"column":14},"end":{"line":130,"column":63}},"18":{"start":{"line":137,"column":36},"end":{"line":137,"column":60}},"19":{"start":{"line":143,"column":14},"end":{"line":143,"column":68}},"20":{"start":{"line":150,"column":36},"end":{"line":150,"column":60}},"21":{"start":{"line":156,"column":14},"end":{"line":156,"column":65}},"22":{"start":{"line":169,"column":36},"end":{"line":169,"column":60}},"23":{"start":{"line":183,"column":22},"end":{"line":186,"column":3}},"24":{"start":{"line":185,"column":4},"end":{"line":185,"column":26}},"25":{"start":{"line":187,"column":2},"end":{"line":197,"column":4}},"26":{"start":{"line":200,"column":15},"end":{"line":209,"column":2}}},"fnMap":{"0":{"name":"(anonymous_0)","decl":{"start":{"line":31,"column":24},"end":{"line":31,"column":25}},"loc":{"start":{"line":31,"column":30},"end":{"line":179,"column":1}},"line":31},"1":{"name":"(anonymous_1)","decl":{"start":{"line":34,"column":39},"end":{"line":34,"column":40}},"loc":{"start":{"line":34,"column":48},"end":{"line":34,"column":75}},"line":34},"2":{"name":"(anonymous_2)","decl":{"start":{"line":45,"column":25},"end":{"line":45,"column":26}},"loc":{"start":{"line":45,"column":36},"end":{"line":45,"column":60}},"line":45},"3":{"name":"(anonymous_3)","decl":{"start":{"line":50,"column":24},"end":{"line":50,"column":25}},"loc":{"start":{"line":51,"column":14},"end":{"line":51,"column":70}},"line":51},"4":{"name":"(anonymous_4)","decl":{"start":{"line":58,"column":25},"end":{"line":58,"column":26}},"loc":{"start":{"line":58,"column":36},"end":{"line":58,"column":60}},"line":58},"5":{"name":"(anonymous_5)","decl":{"start":{"line":64,"column":24},"end":{"line":64,"column":25}},"loc":{"start":{"line":65,"column":14},"end":{"line":65,"column":72}},"line":65},"6":{"name":"(anonymous_6)","decl":{"start":{"line":72,"column":25},"end":{"line":72,"column":26}},"loc":{"start":{"line":72,"column":36},"end":{"line":72,"column":60}},"line":72},"7":{"name":"(anonymous_7)","decl":{"start":{"line":77,"column":24},"end":{"line":77,"column":25}},"loc":{"start":{"line":78,"column":14},"end":{"line":78,"column":70}},"line":78},"8":{"name":"(anonymous_8)","decl":{"start":{"line":85,"column":23},"end":{"line":85,"column":24}},"loc":{"start":{"line":85,"column":34},"end":{"line":85,"column":58}},"line":85},"9":{"name":"(anonymous_9)","decl":{"start":{"line":90,"column":22},"end":{"line":90,"column":23}},"loc":{"start":{"line":91,"column":12},"end":{"line":91,"column":68}},"line":91},"10":{"name":"(anonymous_10)","decl":{"start":{"line":98,"column":25},"end":{"line":98,"column":26}},"loc":{"start":{"line":98,"column":36},"end":{"line":98,"column":60}},"line":98},"11":{"name":"(anonymous_11)","decl":{"start":{"line":103,"column":24},"end":{"line":103,"column":25}},"loc":{"start":{"line":104,"column":14},"end":{"line":104,"column":67}},"line":104},"12":{"name":"(anonymous_12)","decl":{"start":{"line":111,"column":25},"end":{"line":111,"column":26}},"loc":{"start":{"line":111,"column":36},"end":{"line":111,"column":60}},"line":111},"13":{"name":"(anonymous_13)","decl":{"start":{"line":116,"column":24},"end":{"line":116,"column":25}},"loc":{"start":{"line":117,"column":14},"end":{"line":117,"column":63}},"line":117},"14":{"name":"(anonymous_14)","decl":{"start":{"line":124,"column":25},"end":{"line":124,"column":26}},"loc":{"start":{"line":124,"column":36},"end":{"line":124,"column":60}},"line":124},"15":{"name":"(anonymous_15)","decl":{"start":{"line":129,"column":24},"end":{"line":129,"column":25}},"loc":{"start":{"line":130,"column":14},"end":{"line":130,"column":63}},"line":130},"16":{"name":"(anonymous_16)","decl":{"start":{"line":137,"column":25},"end":{"line":137,"column":26}},"loc":{"start":{"line":137,"column":36},"end":{"line":137,"column":60}},"line":137},"17":{"name":"(anonymous_17)","decl":{"start":{"line":142,"column":24},"end":{"line":142,"column":25}},"loc":{"start":{"line":143,"column":14},"end":{"line":143,"column":68}},"line":143},"18":{"name":"(anonymous_18)","decl":{"start":{"line":150,"column":25},"end":{"line":150,"column":26}},"loc":{"start":{"line":150,"column":36},"end":{"line":150,"column":60}},"line":150},"19":{"name":"(anonymous_19)","decl":{"start":{"line":155,"column":24},"end":{"line":155,"column":25}},"loc":{"start":{"line":156,"column":14},"end":{"line":156,"column":65}},"line":156},"20":{"name":"(anonymous_20)","decl":{"start":{"line":169,"column":25},"end":{"line":169,"column":26}},"loc":{"start":{"line":169,"column":36},"end":{"line":169,"column":60}},"line":169},"21":{"name":"LogoTitle","decl":{"start":{"line":181,"column":9},"end":{"line":181,"column":18}},"loc":{"start":{"line":181,"column":21},"end":{"line":198,"column":1}},"line":181},"22":{"name":"(anonymous_22)","decl":{"start":{"line":183,"column":22},"end":{"line":183,"column":23}},"loc":{"start":{"line":183,"column":28},"end":{"line":186,"column":3}},"line":183}},"branchMap":{},"s":{"0":2,"1":2,"2":0,"3":0,"4":0,"5":0,"6":0,"7":0,"8":0,"9":0,"10":0,"11":0,"12":0,"13":0,"14":0,"15":0,"16":0,"17":0,"18":0,"19":0,"20":0,"21":0,"22":0,"23":0,"24":0,"25":0,"26":2},"f":{"0":0,"1":0,"2":0,"3":0,"4":0,"5":0,"6":0,"7":0,"8":0,"9":0,"10":0,"11":0,"12":0,"13":0,"14":0,"15":0,"16":0,"17":0,"18":0,"19":0,"20":0,"21":0,"22":0},"b":{},"_coverageSchema":"1a1c01bbd47fc00a2c39e90264f33305004495a9","hash":"efd191b70960c03b2a916da31e7b38be5f38aa3f"}
,"/Users/kavikasuzuki/Desktop/University_Of_Portland/2023_Spring/CS_341/cs341-spring-2023-bandage/diagnosis/navigators/StackNavigator.js": {"path":"/Users/kavikasuzuki/Desktop/University_Of_Portland/2023_Spring/CS_341/cs341-spring-2023-bandage/diagnosis/navigators/StackNavigator.js","statementMap":{"0":{"start":{"line":43,"column":14},"end":{"line":43,"column":42}},"1":{"start":{"line":45,"column":23},"end":{"line":101,"column":1}},"2":{"start":{"line":46,"column":2},"end":{"line":100,"column":4}}},"fnMap":{"0":{"name":"(anonymous_0)","decl":{"start":{"line":45,"column":23},"end":{"line":45,"column":24}},"loc":{"start":{"line":45,"column":29},"end":{"line":101,"column":1}},"line":45}},"branchMap":{},"s":{"0":2,"1":2,"2":0},"f":{"0":0},"b":{},"_coverageSchema":"1a1c01bbd47fc00a2c39e90264f33305004495a9","hash":"83963bda35b8844b959d148531626bb3b98b4923"}
,"/Users/kavikasuzuki/Desktop/University_Of_Portland/2023_Spring/CS_341/cs341-spring-2023-bandage/diagnosis/screens/AboutUs.js": {"path":"/Users/kavikasuzuki/Desktop/University_Of_Portland/2023_Spring/CS_341/cs341-spring-2023-bandage/diagnosis/screens/AboutUs.js","statementMap":{"0":{"start":{"line":6,"column":16},"end":{"line":15,"column":1}},"1":{"start":{"line":7,"column":4},"end":{"line":14,"column":6}},"2":{"start":{"line":17,"column":15},"end":{"line":47,"column":2}}},"fnMap":{"0":{"name":"(anonymous_0)","decl":{"start":{"line":6,"column":16},"end":{"line":6,"column":17}},"loc":{"start":{"line":6,"column":22},"end":{"line":15,"column":1}},"line":6}},"branchMap":{},"s":{"0":3,"1":1,"2":3},"f":{"0":1},"b":{},"_coverageSchema":"1a1c01bbd47fc00a2c39e90264f33305004495a9","hash":"820c85f209907a8d854ded6313d19916ac92fafb"}
,"/Users/kavikasuzuki/Desktop/University_Of_Portland/2023_Spring/CS_341/cs341-spring-2023-bandage/diagnosis/screens/Activities.js": {"path":"/Users/kavikasuzuki/Desktop/University_Of_Portland/2023_Spring/CS_341/cs341-spring-2023-bandage/diagnosis/screens/Activities.js","statementMap":{"0":{"start":{"line":5,"column":19},"end":{"line":13,"column":1}},"1":{"start":{"line":6,"column":4},"end":{"line":12,"column":11}},"2":{"start":{"line":15,"column":15},"end":{"line":29,"column":2}}},"fnMap":{"0":{"name":"(anonymous_0)","decl":{"start":{"line":5,"column":19},"end":{"line":5,"column":20}},"loc":{"start":{"line":6,"column":4},"end":{"line":12,"column":11}},"line":6}},"branchMap":{},"s":{"0":3,"1":1,"2":3},"f":{"0":1},"b":{},"_coverageSchema":"1a1c01bbd47fc00a2c39e90264f33305004495a9","hash":"670c1c2debe0eea189495e35a20f53f33fffdb0d"}
,"/Users/kavikasuzuki/Desktop/University_Of_Portland/2023_Spring/CS_341/cs341-spring-2023-bandage/diagnosis/screens/Books.js": {"path":"/Users/kavikasuzuki/Desktop/University_Of_Portland/2023_Spring/CS_341/cs341-spring-2023-bandage/diagnosis/screens/Books.js","statementMap":{"0":{"start":{"line":15,"column":14},"end":{"line":96,"column":1}},"1":{"start":{"line":16,"column":2},"end":{"line":95,"column":4}},"2":{"start":{"line":26,"column":12},"end":{"line":26,"column":110}},"3":{"start":{"line":37,"column":12},"end":{"line":37,"column":105}},"4":{"start":{"line":48,"column":12},"end":{"line":48,"column":115}},"5":{"start":{"line":60,"column":12},"end":{"line":60,"column":108}},"6":{"start":{"line":72,"column":12},"end":{"line":72,"column":110}},"7":{"start":{"line":84,"column":12},"end":{"line":84,"column":125}},"8":{"start":{"line":98,"column":15},"end":{"line":120,"column":2}}},"fnMap":{"0":{"name":"(anonymous_0)","decl":{"start":{"line":15,"column":14},"end":{"line":15,"column":15}},"loc":{"start":{"line":15,"column":20},"end":{"line":96,"column":1}},"line":15},"1":{"name":"(anonymous_1)","decl":{"start":{"line":25,"column":19},"end":{"line":25,"column":20}},"loc":{"start":{"line":26,"column":12},"end":{"line":26,"column":110}},"line":26},"2":{"name":"(anonymous_2)","decl":{"start":{"line":36,"column":19},"end":{"line":36,"column":20}},"loc":{"start":{"line":37,"column":12},"end":{"line":37,"column":105}},"line":37},"3":{"name":"(anonymous_3)","decl":{"start":{"line":47,"column":19},"end":{"line":47,"column":20}},"loc":{"start":{"line":48,"column":12},"end":{"line":48,"column":115}},"line":48},"4":{"name":"(anonymous_4)","decl":{"start":{"line":59,"column":19},"end":{"line":59,"column":20}},"loc":{"start":{"line":60,"column":12},"end":{"line":60,"column":108}},"line":60},"5":{"name":"(anonymous_5)","decl":{"start":{"line":71,"column":19},"end":{"line":71,"column":20}},"loc":{"start":{"line":72,"column":12},"end":{"line":72,"column":110}},"line":72},"6":{"name":"(anonymous_6)","decl":{"start":{"line":83,"column":19},"end":{"line":83,"column":20}},"loc":{"start":{"line":84,"column":12},"end":{"line":84,"column":125}},"line":84}},"branchMap":{},"s":{"0":3,"1":1,"2":0,"3":0,"4":0,"5":0,"6":0,"7":0,"8":3},"f":{"0":1,"1":0,"2":0,"3":0,"4":0,"5":0,"6":0},"b":{},"_coverageSchema":"1a1c01bbd47fc00a2c39e90264f33305004495a9","hash":"99825f96969da1bb1591079cdaf94ae3637fedc6"}
,"/Users/kavikasuzuki/Desktop/University_Of_Portland/2023_Spring/CS_341/cs341-spring-2023-bandage/diagnosis/screens/Community.js": {"path":"/Users/kavikasuzuki/Desktop/University_Of_Portland/2023_Spring/CS_341/cs341-spring-2023-bandage/diagnosis/screens/Community.js","statementMap":{"0":{"start":{"line":4,"column":18},"end":{"line":8,"column":1}},"1":{"start":{"line":5,"column":4},"end":{"line":7,"column":11}},"2":{"start":{"line":10,"column":15},"end":{"line":19,"column":2}}},"fnMap":{"0":{"name":"(anonymous_0)","decl":{"start":{"line":4,"column":18},"end":{"line":4,"column":19}},"loc":{"start":{"line":5,"column":4},"end":{"line":7,"column":11}},"line":5}},"branchMap":{},"s":{"0":2,"1":0,"2":2},"f":{"0":0},"b":{},"_coverageSchema":"1a1c01bbd47fc00a2c39e90264f33305004495a9","hash":"02073bcfe2c483f9a3fc5d9887a06fe1e5faea03"}
,"/Users/kavikasuzuki/Desktop/University_Of_Portland/2023_Spring/CS_341/cs341-spring-2023-bandage/diagnosis/screens/Donate.js": {"path":"/Users/kavikasuzuki/Desktop/University_Of_Portland/2023_Spring/CS_341/cs341-spring-2023-bandage/diagnosis/screens/Donate.js","statementMap":{"0":{"start":{"line":5,"column":15},"end":{"line":10,"column":1}},"1":{"start":{"line":6,"column":8},"end":{"line":9,"column":10}},"2":{"start":{"line":12,"column":15},"end":{"line":21,"column":2}}},"fnMap":{"0":{"name":"(anonymous_0)","decl":{"start":{"line":5,"column":15},"end":{"line":5,"column":16}},"loc":{"start":{"line":6,"column":8},"end":{"line":9,"column":10}},"line":6}},"branchMap":{},"s":{"0":2,"1":0,"2":2},"f":{"0":0},"b":{},"_coverageSchema":"1a1c01bbd47fc00a2c39e90264f33305004495a9","hash":"1cc89b274280ec331e6582b8cb0daa3a0c0d31be"}
,"/Users/kavikasuzuki/Desktop/University_Of_Portland/2023_Spring/CS_341/cs341-spring-2023-bandage/diagnosis/screens/KnowledgeTest.js": {"path":"/Users/kavikasuzuki/Desktop/University_Of_Portland/2023_Spring/CS_341/cs341-spring-2023-bandage/diagnosis/screens/KnowledgeTest.js","statementMap":{"0":{"start":{"line":5,"column":22},"end":{"line":11,"column":1}},"1":{"start":{"line":6,"column":4},"end":{"line":10,"column":6}},"2":{"start":{"line":13,"column":15},"end":{"line":27,"column":2}}},"fnMap":{"0":{"name":"(anonymous_0)","decl":{"start":{"line":5,"column":22},"end":{"line":5,"column":23}},"loc":{"start":{"line":6,"column":4},"end":{"line":10,"column":6}},"line":6}},"branchMap":{},"s":{"0":2,"1":0,"2":2},"f":{"0":0},"b":{},"_coverageSchema":"1a1c01bbd47fc00a2c39e90264f33305004495a9","hash":"f04694feadfe5d7403d83b9ec9f4fea07b37b5b8"}
,"/Users/kavikasuzuki/Desktop/University_Of_Portland/2023_Spring/CS_341/cs341-spring-2023-bandage/diagnosis/screens/Lecture_DR.js": {"path":"/Users/kavikasuzuki/Desktop/University_Of_Portland/2023_Spring/CS_341/cs341-spring-2023-bandage/diagnosis/screens/Lecture_DR.js","statementMap":{"0":{"start":{"line":5,"column":19},"end":{"line":16,"column":1}},"1":{"start":{"line":7,"column":4},"end":{"line":13,"column":11}},"2":{"start":{"line":18,"column":15},"end":{"line":26,"column":2}}},"fnMap":{"0":{"name":"(anonymous_0)","decl":{"start":{"line":5,"column":19},"end":{"line":5,"column":20}},"loc":{"start":{"line":7,"column":4},"end":{"line":13,"column":11}},"line":7}},"branchMap":{},"s":{"0":2,"1":0,"2":2},"f":{"0":0},"b":{},"_coverageSchema":"1a1c01bbd47fc00a2c39e90264f33305004495a9","hash":"96fe9edfac1cc93d2dce332767bc9858e98764b2"}
,"/Users/kavikasuzuki/Desktop/University_Of_Portland/2023_Spring/CS_341/cs341-spring-2023-bandage/diagnosis/screens/Lecture_JVP.js": {"path":"/Users/kavikasuzuki/Desktop/University_Of_Portland/2023_Spring/CS_341/cs341-spring-2023-bandage/diagnosis/screens/Lecture_JVP.js","statementMap":{"0":{"start":{"line":5,"column":20},"end":{"line":12,"column":1}},"1":{"start":{"line":6,"column":8},"end":{"line":11,"column":15}},"2":{"start":{"line":14,"column":15},"end":{"line":24,"column":2}}},"fnMap":{"0":{"name":"(anonymous_0)","decl":{"start":{"line":5,"column":20},"end":{"line":5,"column":21}},"loc":{"start":{"line":6,"column":8},"end":{"line":11,"column":15}},"line":6}},"branchMap":{},"s":{"0":2,"1":0,"2":2},"f":{"0":0},"b":{},"_coverageSchema":"1a1c01bbd47fc00a2c39e90264f33305004495a9","hash":"34a255f2e6d65613ac484a7ca760de11c9db339a"}
,"/Users/kavikasuzuki/Desktop/University_Of_Portland/2023_Spring/CS_341/cs341-spring-2023-bandage/diagnosis/screens/Lecture_VHD.js": {"path":"/Users/kavikasuzuki/Desktop/University_Of_Portland/2023_Spring/CS_341/cs341-spring-2023-bandage/diagnosis/screens/Lecture_VHD.js","statementMap":{"0":{"start":{"line":5,"column":20},"end":{"line":13,"column":1}},"1":{"start":{"line":6,"column":4},"end":{"line":12,"column":11}},"2":{"start":{"line":15,"column":15},"end":{"line":24,"column":2}}},"fnMap":{"0":{"name":"(anonymous_0)","decl":{"start":{"line":5,"column":20},"end":{"line":5,"column":21}},"loc":{"start":{"line":6,"column":4},"end":{"line":12,"column":11}},"line":6}},"branchMap":{},"s":{"0":2,"1":0,"2":2},"f":{"0":0},"b":{},"_coverageSchema":"1a1c01bbd47fc00a2c39e90264f33305004495a9","hash":"e944574332e6a4cdd2b16750012538a3555d4ae6"}
,"/Users/kavikasuzuki/Desktop/University_Of_Portland/2023_Spring/CS_341/cs341-spring-2023-bandage/diagnosis/screens/Lectures.js": {"path":"/Users/kavikasuzuki/Desktop/University_Of_Portland/2023_Spring/CS_341/cs341-spring-2023-bandage/diagnosis/screens/Lectures.js","statementMap":{"0":{"start":{"line":4,"column":17},"end":{"line":27,"column":1}},"1":{"start":{"line":6,"column":8},"end":{"line":26,"column":15}},"2":{"start":{"line":10,"column":79},"end":{"line":10,"column":113}},"3":{"start":{"line":14,"column":79},"end":{"line":14,"column":113}},"4":{"start":{"line":18,"column":79},"end":{"line":18,"column":112}},"5":{"start":{"line":29,"column":15},"end":{"line":84,"column":2}}},"fnMap":{"0":{"name":"(anonymous_0)","decl":{"start":{"line":4,"column":17},"end":{"line":4,"column":18}},"loc":{"start":{"line":6,"column":8},"end":{"line":26,"column":15}},"line":6},"1":{"name":"(anonymous_1)","decl":{"start":{"line":10,"column":73},"end":{"line":10,"column":74}},"loc":{"start":{"line":10,"column":79},"end":{"line":10,"column":113}},"line":10},"2":{"name":"(anonymous_2)","decl":{"start":{"line":14,"column":73},"end":{"line":14,"column":74}},"loc":{"start":{"line":14,"column":79},"end":{"line":14,"column":113}},"line":14},"3":{"name":"(anonymous_3)","decl":{"start":{"line":18,"column":73},"end":{"line":18,"column":74}},"loc":{"start":{"line":18,"column":79},"end":{"line":18,"column":112}},"line":18}},"branchMap":{},"s":{"0":2,"1":0,"2":0,"3":0,"4":0,"5":2},"f":{"0":0,"1":0,"2":0,"3":0},"b":{},"_coverageSchema":"1a1c01bbd47fc00a2c39e90264f33305004495a9","hash":"e97049d667540d1722a49c8cb1dd1766ce30c157"}
,"/Users/kavikasuzuki/Desktop/University_Of_Portland/2023_Spring/CS_341/cs341-spring-2023-bandage/diagnosis/screens/Login.js": {"path":"/Users/kavikasuzuki/Desktop/University_Of_Portland/2023_Spring/CS_341/cs341-spring-2023-bandage/diagnosis/screens/Login.js","statementMap":{"0":{"start":{"line":30,"column":32},"end":{"line":30,"column":38}},"1":{"start":{"line":36,"column":14},"end":{"line":154,"column":1}},"2":{"start":{"line":37,"column":44},"end":{"line":37,"column":58}},"3":{"start":{"line":38,"column":34},"end":{"line":38,"column":46}},"4":{"start":{"line":39,"column":42},"end":{"line":39,"column":54}},"5":{"start":{"line":41,"column":4},"end":{"line":153,"column":6}},"6":{"start":{"line":54,"column":28},"end":{"line":92,"column":29}},"7":{"start":{"line":55,"column":32},"end":{"line":55,"column":53}},"8":{"start":{"line":56,"column":32},"end":{"line":56,"column":84}},"9":{"start":{"line":58,"column":32},"end":{"line":58,"column":64}},"10":{"start":{"line":59,"column":32},"end":{"line":91,"column":35}},"11":{"start":{"line":70,"column":36},"end":{"line":70,"column":54}},"12":{"start":{"line":71,"column":36},"end":{"line":84,"column":37}},"13":{"start":{"line":72,"column":54},"end":{"line":72,"column":74}},"14":{"start":{"line":73,"column":51},"end":{"line":73,"column":61}},"15":{"start":{"line":74,"column":40},"end":{"line":74,"column":61}},"16":{"start":{"line":75,"column":40},"end":{"line":78,"column":43}},"17":{"start":{"line":81,"column":40},"end":{"line":81,"column":61}},"18":{"start":{"line":82,"column":40},"end":{"line":82,"column":62}},"19":{"start":{"line":83,"column":40},"end":{"line":83,"column":63}},"20":{"start":{"line":87,"column":36},"end":{"line":87,"column":53}},"21":{"start":{"line":88,"column":36},"end":{"line":88,"column":57}},"22":{"start":{"line":89,"column":36},"end":{"line":89,"column":103}},"23":{"start":{"line":90,"column":36},"end":{"line":90,"column":67}},"24":{"start":{"line":95,"column":24},"end":{"line":148,"column":37}},"25":{"start":{"line":137,"column":78},"end":{"line":137,"column":107}},"26":{"start":{"line":143,"column":85},"end":{"line":143,"column":117}},"27":{"start":{"line":156,"column":18},"end":{"line":182,"column":1}},"28":{"start":{"line":164,"column":2},"end":{"line":181,"column":4}},"29":{"start":{"line":172,"column":32},"end":{"line":172,"column":62}},"30":{"start":{"line":184,"column":15},"end":{"line":234,"column":2}}},"fnMap":{"0":{"name":"(anonymous_0)","decl":{"start":{"line":36,"column":14},"end":{"line":36,"column":15}},"loc":{"start":{"line":36,"column":34},"end":{"line":154,"column":1}},"line":36},"1":{"name":"(anonymous_1)","decl":{"start":{"line":53,"column":34},"end":{"line":53,"column":35}},"loc":{"start":{"line":53,"column":65},"end":{"line":93,"column":25}},"line":53},"2":{"name":"(anonymous_2)","decl":{"start":{"line":69,"column":38},"end":{"line":69,"column":39}},"loc":{"start":{"line":69,"column":52},"end":{"line":85,"column":33}},"line":69},"3":{"name":"(anonymous_3)","decl":{"start":{"line":86,"column":39},"end":{"line":86,"column":40}},"loc":{"start":{"line":86,"column":53},"end":{"line":91,"column":33}},"line":86},"4":{"name":"(anonymous_4)","decl":{"start":{"line":94,"column":22},"end":{"line":94,"column":23}},"loc":{"start":{"line":95,"column":24},"end":{"line":148,"column":37}},"line":95},"5":{"name":"(anonymous_5)","decl":{"start":{"line":137,"column":72},"end":{"line":137,"column":73}},"loc":{"start":{"line":137,"column":78},"end":{"line":137,"column":107}},"line":137},"6":{"name":"(anonymous_6)","decl":{"start":{"line":143,"column":79},"end":{"line":143,"column":80}},"loc":{"start":{"line":143,"column":85},"end":{"line":143,"column":117}},"line":143},"7":{"name":"(anonymous_7)","decl":{"start":{"line":156,"column":18},"end":{"line":156,"column":19}},"loc":{"start":{"line":163,"column":6},"end":{"line":182,"column":1}},"line":163},"8":{"name":"(anonymous_8)","decl":{"start":{"line":172,"column":26},"end":{"line":172,"column":27}},"loc":{"start":{"line":172,"column":32},"end":{"line":172,"column":62}},"line":172}},"branchMap":{"0":{"loc":{"start":{"line":54,"column":28},"end":{"line":92,"column":29}},"type":"if","locations":[{"start":{"line":54,"column":28},"end":{"line":92,"column":29}},{"start":{"line":57,"column":35},"end":{"line":92,"column":29}}],"line":54},"1":{"loc":{"start":{"line":54,"column":31},"end":{"line":54,"column":79}},"type":"binary-expr","locations":[{"start":{"line":54,"column":31},"end":{"line":54,"column":53}},{"start":{"line":54,"column":57},"end":{"line":54,"column":79}}],"line":54},"2":{"loc":{"start":{"line":71,"column":36},"end":{"line":84,"column":37}},"type":"if","locations":[{"start":{"line":71,"column":36},"end":{"line":84,"column":37}},{"start":{"line":80,"column":41},"end":{"line":84,"column":37}}],"line":71},"3":{"loc":{"start":{"line":121,"column":29},"end":{"line":125,"column":29}},"type":"binary-expr","locations":[{"start":{"line":121,"column":29},"end":{"line":121,"column":42}},{"start":{"line":122,"column":32},"end":{"line":124,"column":47}}],"line":121},"4":{"loc":{"start":{"line":127,"column":29},"end":{"line":131,"column":29}},"type":"binary-expr","locations":[{"start":{"line":127,"column":29},"end":{"line":127,"column":41}},{"start":{"line":128,"column":32},"end":{"line":130,"column":47}}],"line":127},"5":{"loc":{"start":{"line":171,"column":7},"end":{"line":179,"column":7}},"type":"binary-expr","locations":[{"start":{"line":171,"column":7},"end":{"line":171,"column":17}},{"start":{"line":172,"column":8},"end":{"line":178,"column":18}}],"line":171},"6":{"loc":{"start":{"line":174,"column":18},"end":{"line":174,"column":56}},"type":"cond-expr","locations":[{"start":{"line":174,"column":33},"end":{"line":174,"column":45}},{"start":{"line":174,"column":48},"end":{"line":174,"column":56}}],"line":174}},"s":{"0":3,"1":3,"2":10,"3":10,"4":10,"5":10,"6":4,"7":1,"8":1,"9":3,"10":3,"11":0,"12":0,"13":0,"14":0,"15":0,"16":0,"17":0,"18":0,"19":0,"20":0,"21":0,"22":0,"23":0,"24":35,"25":1,"26":0,"27":3,"28":50,"29":0,"30":3},"f":{"0":10,"1":4,"2":0,"3":0,"4":35,"5":1,"6":0,"7":50,"8":0},"b":{"0":[1,3],"1":[4,3],"2":[0,0],"3":[35,8],"4":[35,27],"5":[50,25],"6":[25,0]},"_coverageSchema":"1a1c01bbd47fc00a2c39e90264f33305004495a9","hash":"fb93784f68ce96da783273440db2576d74f22867"}
,"/Users/kavikasuzuki/Desktop/University_Of_Portland/2023_Spring/CS_341/cs341-spring-2023-bandage/diagnosis/screens/MainMenu.js": {"path":"/Users/kavikasuzuki/Desktop/University_Of_Portland/2023_Spring/CS_341/cs341-spring-2023-bandage/diagnosis/screens/MainMenu.js","statementMap":{"0":{"start":{"line":6,"column":24},"end":{"line":6,"column":49}},"1":{"start":{"line":7,"column":17},"end":{"line":45,"column":1}},"2":{"start":{"line":8,"column":14},"end":{"line":8,"column":24}},"3":{"start":{"line":9,"column":21},"end":{"line":9,"column":33}},"4":{"start":{"line":10,"column":4},"end":{"line":44,"column":6}},"5":{"start":{"line":21,"column":100},"end":{"line":21,"column":129}},"6":{"start":{"line":25,"column":100},"end":{"line":25,"column":131}},"7":{"start":{"line":29,"column":102},"end":{"line":29,"column":130}},"8":{"start":{"line":33,"column":101},"end":{"line":33,"column":132}},"9":{"start":{"line":37,"column":101},"end":{"line":37,"column":131}},"10":{"start":{"line":48,"column":15},"end":{"line":189,"column":2}}},"fnMap":{"0":{"name":"(anonymous_0)","decl":{"start":{"line":7,"column":17},"end":{"line":7,"column":18}},"loc":{"start":{"line":7,"column":44},"end":{"line":45,"column":1}},"line":7},"1":{"name":"(anonymous_1)","decl":{"start":{"line":21,"column":94},"end":{"line":21,"column":95}},"loc":{"start":{"line":21,"column":100},"end":{"line":21,"column":129}},"line":21},"2":{"name":"(anonymous_2)","decl":{"start":{"line":25,"column":94},"end":{"line":25,"column":95}},"loc":{"start":{"line":25,"column":100},"end":{"line":25,"column":131}},"line":25},"3":{"name":"(anonymous_3)","decl":{"start":{"line":29,"column":96},"end":{"line":29,"column":97}},"loc":{"start":{"line":29,"column":102},"end":{"line":29,"column":130}},"line":29},"4":{"name":"(anonymous_4)","decl":{"start":{"line":33,"column":95},"end":{"line":33,"column":96}},"loc":{"start":{"line":33,"column":101},"end":{"line":33,"column":132}},"line":33},"5":{"name":"(anonymous_5)","decl":{"start":{"line":37,"column":95},"end":{"line":37,"column":96}},"loc":{"start":{"line":37,"column":101},"end":{"line":37,"column":131}},"line":37}},"branchMap":{"0":{"loc":{"start":{"line":13,"column":46},"end":{"line":13,"column":142}},"type":"cond-expr","locations":[{"start":{"line":13,"column":68},"end":{"line":13,"column":82}},{"start":{"line":13,"column":85},"end":{"line":13,"column":142}}],"line":13},"1":{"loc":{"start":{"line":13,"column":85},"end":{"line":13,"column":142}},"type":"cond-expr","locations":[{"start":{"line":13,"column":109},"end":{"line":13,"column":125}},{"start":{"line":13,"column":128},"end":{"line":13,"column":142}}],"line":13}},"s":{"0":3,"1":3,"2":6,"3":6,"4":6,"5":1,"6":1,"7":1,"8":1,"9":1,"10":3},"f":{"0":6,"1":1,"2":1,"3":1,"4":1,"5":1},"b":{"0":[0,6],"1":[0,6]},"_coverageSchema":"1a1c01bbd47fc00a2c39e90264f33305004495a9","hash":"c9b3dbffc6221b930adf1acb67b87efcb9555403"}
,"/Users/kavikasuzuki/Desktop/University_Of_Portland/2023_Spring/CS_341/cs341-spring-2023-bandage/diagnosis/screens/Multimedia.js": {"path":"/Users/kavikasuzuki/Desktop/University_Of_Portland/2023_Spring/CS_341/cs341-spring-2023-bandage/diagnosis/screens/Multimedia.js","statementMap":{"0":{"start":{"line":14,"column":52},"end":{"line":14,"column":58}},"1":{"start":{"line":16,"column":19},"end":{"line":79,"column":1}},"2":{"start":{"line":17,"column":34},"end":{"line":17,"column":52}},"3":{"start":{"line":18,"column":38},"end":{"line":18,"column":53}},"4":{"start":{"line":19,"column":25},"end":{"line":19,"column":76}},"5":{"start":{"line":19,"column":31},"end":{"line":19,"column":76}},"6":{"start":{"line":19,"column":61},"end":{"line":19,"column":75}},"7":{"start":{"line":20,"column":46},"end":{"line":20,"column":57}},"8":{"start":{"line":22,"column":23},"end":{"line":22,"column":24}},"9":{"start":{"line":23,"column":20},"end":{"line":23,"column":33}},"10":{"start":{"line":24,"column":22},"end":{"line":24,"column":35}},"11":{"start":{"line":25,"column":17},"end":{"line":25,"column":30}},"12":{"start":{"line":26,"column":15},"end":{"line":26,"column":48}},"13":{"start":{"line":27,"column":17},"end":{"line":27,"column":30}},"14":{"start":{"line":28,"column":15},"end":{"line":28,"column":24}},"15":{"start":{"line":29,"column":17},"end":{"line":29,"column":30}},"16":{"start":{"line":30,"column":15},"end":{"line":30,"column":24}},"17":{"start":{"line":31,"column":17},"end":{"line":31,"column":30}},"18":{"start":{"line":32,"column":15},"end":{"line":32,"column":24}},"19":{"start":{"line":33,"column":17},"end":{"line":33,"column":30}},"20":{"start":{"line":34,"column":15},"end":{"line":34,"column":24}},"21":{"start":{"line":36,"column":4},"end":{"line":78,"column":6}},"22":{"start":{"line":73,"column":40},"end":{"line":73,"column":63}}},"fnMap":{"0":{"name":"(anonymous_0)","decl":{"start":{"line":16,"column":19},"end":{"line":16,"column":20}},"loc":{"start":{"line":16,"column":25},"end":{"line":79,"column":1}},"line":16},"1":{"name":"(anonymous_1)","decl":{"start":{"line":19,"column":25},"end":{"line":19,"column":26}},"loc":{"start":{"line":19,"column":31},"end":{"line":19,"column":76}},"line":19},"2":{"name":"(anonymous_2)","decl":{"start":{"line":19,"column":44},"end":{"line":19,"column":45}},"loc":{"start":{"line":19,"column":61},"end":{"line":19,"column":75}},"line":19},"3":{"name":"(anonymous_3)","decl":{"start":{"line":73,"column":29},"end":{"line":73,"column":30}},"loc":{"start":{"line":73,"column":40},"end":{"line":73,"column":63}},"line":73}},"branchMap":{"0":{"loc":{"start":{"line":47,"column":27},"end":{"line":47,"column":90}},"type":"cond-expr","locations":[{"start":{"line":47,"column":39},"end":{"line":47,"column":58}},{"start":{"line":47,"column":61},"end":{"line":47,"column":90}}],"line":47},"1":{"loc":{"start":{"line":50,"column":36},"end":{"line":50,"column":69}},"type":"cond-expr","locations":[{"start":{"line":50,"column":48},"end":{"line":50,"column":57}},{"start":{"line":50,"column":60},"end":{"line":50,"column":69}}],"line":50}},"s":{"0":3,"1":3,"2":1,"3":1,"4":1,"5":0,"6":0,"7":1,"8":1,"9":1,"10":1,"11":1,"12":1,"13":1,"14":1,"15":1,"16":1,"17":1,"18":1,"19":1,"20":1,"21":1,"22":0},"f":{"0":1,"1":0,"2":0,"3":0},"b":{"0":[0,1],"1":[0,1]},"_coverageSchema":"1a1c01bbd47fc00a2c39e90264f33305004495a9","hash":"fdae5ec29554b06c47f4957cbc00955d745a66df"}
,"/Users/kavikasuzuki/Desktop/University_Of_Portland/2023_Spring/CS_341/cs341-spring-2023-bandage/diagnosis/screens/Settings.js": {"path":"/Users/kavikasuzuki/Desktop/University_Of_Portland/2023_Spring/CS_341/cs341-spring-2023-bandage/diagnosis/screens/Settings.js","statementMap":{"0":{"start":{"line":6,"column":17},"end":{"line":33,"column":5}},"1":{"start":{"line":8,"column":27},"end":{"line":8,"column":43}},"2":{"start":{"line":9,"column":4},"end":{"line":32,"column":2}},"3":{"start":{"line":15,"column":61},"end":{"line":15,"column":73}},"4":{"start":{"line":18,"column":12},"end":{"line":21,"column":15}},"5":{"start":{"line":27,"column":12},"end":{"line":27,"column":40}},"6":{"start":{"line":35,"column":15},"end":{"line":82,"column":2}}},"fnMap":{"0":{"name":"(anonymous_0)","decl":{"start":{"line":6,"column":17},"end":{"line":6,"column":18}},"loc":{"start":{"line":7,"column":0},"end":{"line":33,"column":5}},"line":7},"1":{"name":"(anonymous_1)","decl":{"start":{"line":11,"column":63},"end":{"line":11,"column":64}},"loc":{"start":{"line":11,"column":67},"end":{"line":11,"column":69}},"line":11},"2":{"name":"(anonymous_2)","decl":{"start":{"line":15,"column":53},"end":{"line":15,"column":54}},"loc":{"start":{"line":15,"column":60},"end":{"line":15,"column":74}},"line":15},"3":{"name":"(anonymous_3)","decl":{"start":{"line":17,"column":55},"end":{"line":17,"column":56}},"loc":{"start":{"line":17,"column":59},"end":{"line":22,"column":9}},"line":17},"4":{"name":"(anonymous_4)","decl":{"start":{"line":26,"column":57},"end":{"line":26,"column":58}},"loc":{"start":{"line":26,"column":61},"end":{"line":28,"column":9}},"line":26}},"branchMap":{},"s":{"0":2,"1":0,"2":0,"3":0,"4":0,"5":0,"6":2},"f":{"0":0,"1":0,"2":0,"3":0,"4":0},"b":{},"_coverageSchema":"1a1c01bbd47fc00a2c39e90264f33305004495a9","hash":"2bf521ea54f8204dd5edccec7c9e41704b49cd6b"}
,"/Users/kavikasuzuki/Desktop/University_Of_Portland/2023_Spring/CS_341/cs341-spring-2023-bandage/diagnosis/screens/Signup.js": {"path":"/Users/kavikasuzuki/Desktop/University_Of_Portland/2023_Spring/CS_341/cs341-spring-2023-bandage/diagnosis/screens/Signup.js","statementMap":{"0":{"start":{"line":28,"column":31},"end":{"line":28,"column":37}},"1":{"start":{"line":34,"column":30},"end":{"line":40,"column":2}},"2":{"start":{"line":42,"column":15},"end":{"line":168,"column":1}},"3":{"start":{"line":43,"column":44},"end":{"line":43,"column":58}},"4":{"start":{"line":45,"column":4},"end":{"line":167,"column":6}},"5":{"start":{"line":55,"column":28},"end":{"line":55,"column":67}},"6":{"start":{"line":56,"column":28},"end":{"line":81,"column":30}},"7":{"start":{"line":61,"column":32},"end":{"line":61,"column":53}},"8":{"start":{"line":62,"column":32},"end":{"line":73,"column":33}},"9":{"start":{"line":63,"column":36},"end":{"line":66,"column":39}},"10":{"start":{"line":69,"column":36},"end":{"line":72,"column":38}},"11":{"start":{"line":75,"column":32},"end":{"line":75,"column":49}},"12":{"start":{"line":76,"column":32},"end":{"line":76,"column":53}},"13":{"start":{"line":77,"column":32},"end":{"line":80,"column":34}},"14":{"start":{"line":84,"column":24},"end":{"line":162,"column":37}},"15":{"start":{"line":158,"column":57},"end":{"line":158,"column":85}},"16":{"start":{"line":170,"column":18},"end":{"line":185,"column":1}},"17":{"start":{"line":171,"column":4},"end":{"line":184,"column":5}},"18":{"start":{"line":179,"column":40},"end":{"line":179,"column":70}}},"fnMap":{"0":{"name":"(anonymous_0)","decl":{"start":{"line":42,"column":15},"end":{"line":42,"column":16}},"loc":{"start":{"line":42,"column":33},"end":{"line":168,"column":1}},"line":42},"1":{"name":"(anonymous_1)","decl":{"start":{"line":54,"column":34},"end":{"line":54,"column":35}},"loc":{"start":{"line":54,"column":65},"end":{"line":82,"column":25}},"line":54},"2":{"name":"(anonymous_2)","decl":{"start":{"line":59,"column":35},"end":{"line":59,"column":36}},"loc":{"start":{"line":59,"column":51},"end":{"line":74,"column":29}},"line":59},"3":{"name":"(anonymous_3)","decl":{"start":{"line":74,"column":37},"end":{"line":74,"column":38}},"loc":{"start":{"line":74,"column":51},"end":{"line":81,"column":29}},"line":74},"4":{"name":"(anonymous_4)","decl":{"start":{"line":83,"column":22},"end":{"line":83,"column":23}},"loc":{"start":{"line":84,"column":24},"end":{"line":162,"column":37}},"line":84},"5":{"name":"(anonymous_5)","decl":{"start":{"line":158,"column":51},"end":{"line":158,"column":52}},"loc":{"start":{"line":158,"column":57},"end":{"line":158,"column":85}},"line":158},"6":{"name":"(anonymous_6)","decl":{"start":{"line":170,"column":18},"end":{"line":170,"column":19}},"loc":{"start":{"line":170,"column":90},"end":{"line":185,"column":1}},"line":170},"7":{"name":"(anonymous_7)","decl":{"start":{"line":179,"column":34},"end":{"line":179,"column":35}},"loc":{"start":{"line":179,"column":40},"end":{"line":179,"column":70}},"line":179}},"branchMap":{"0":{"loc":{"start":{"line":62,"column":32},"end":{"line":73,"column":33}},"type":"if","locations":[{"start":{"line":62,"column":32},"end":{"line":73,"column":33}},{"start":{"line":68,"column":36},"end":{"line":73,"column":33}}],"line":62},"1":{"loc":{"start":{"line":105,"column":29},"end":{"line":105,"column":161}},"type":"cond-expr","locations":[{"start":{"line":105,"column":68},"end":{"line":105,"column":153}},{"start":{"line":105,"column":157},"end":{"line":105,"column":161}}],"line":105},"2":{"loc":{"start":{"line":105,"column":29},"end":{"line":105,"column":64}},"type":"binary-expr","locations":[{"start":{"line":105,"column":29},"end":{"line":105,"column":45}},{"start":{"line":105,"column":49},"end":{"line":105,"column":64}}],"line":105},"3":{"loc":{"start":{"line":117,"column":29},"end":{"line":117,"column":149}},"type":"cond-expr","locations":[{"start":{"line":117,"column":62},"end":{"line":117,"column":141}},{"start":{"line":117,"column":145},"end":{"line":117,"column":149}}],"line":117},"4":{"loc":{"start":{"line":117,"column":29},"end":{"line":117,"column":58}},"type":"binary-expr","locations":[{"start":{"line":117,"column":29},"end":{"line":117,"column":42}},{"start":{"line":117,"column":46},"end":{"line":117,"column":58}}],"line":117},"5":{"loc":{"start":{"line":132,"column":29},"end":{"line":132,"column":161}},"type":"cond-expr","locations":[{"start":{"line":132,"column":68},"end":{"line":132,"column":153}},{"start":{"line":132,"column":157},"end":{"line":132,"column":161}}],"line":132},"6":{"loc":{"start":{"line":132,"column":29},"end":{"line":132,"column":64}},"type":"binary-expr","locations":[{"start":{"line":132,"column":29},"end":{"line":132,"column":45}},{"start":{"line":132,"column":49},"end":{"line":132,"column":64}}],"line":132},"7":{"loc":{"start":{"line":147,"column":29},"end":{"line":147,"column":184}},"type":"cond-expr","locations":[{"start":{"line":147,"column":82},"end":{"line":147,"column":176}},{"start":{"line":147,"column":180},"end":{"line":147,"column":184}}],"line":147},"8":{"loc":{"start":{"line":147,"column":29},"end":{"line":147,"column":78}},"type":"binary-expr","locations":[{"start":{"line":147,"column":29},"end":{"line":147,"column":52}},{"start":{"line":147,"column":56},"end":{"line":147,"column":78}}],"line":147},"9":{"loc":{"start":{"line":148,"column":29},"end":{"line":150,"column":43}},"type":"binary-expr","locations":[{"start":{"line":148,"column":29},"end":{"line":148,"column":42}},{"start":{"line":148,"column":46},"end":{"line":150,"column":43}}],"line":148},"10":{"loc":{"start":{"line":152,"column":29},"end":{"line":154,"column":43}},"type":"binary-expr","locations":[{"start":{"line":152,"column":29},"end":{"line":152,"column":41}},{"start":{"line":152,"column":45},"end":{"line":154,"column":43}}],"line":152},"11":{"loc":{"start":{"line":178,"column":13},"end":{"line":182,"column":13}},"type":"binary-expr","locations":[{"start":{"line":178,"column":13},"end":{"line":178,"column":23}},{"start":{"line":179,"column":16},"end":{"line":181,"column":26}}],"line":178},"12":{"loc":{"start":{"line":180,"column":36},"end":{"line":180,"column":74}},"type":"cond-expr","locations":[{"start":{"line":180,"column":51},"end":{"line":180,"column":63}},{"start":{"line":180,"column":66},"end":{"line":180,"column":74}}],"line":180}},"s":{"0":3,"1":3,"2":3,"3":3,"4":3,"5":0,"6":0,"7":0,"8":0,"9":0,"10":0,"11":0,"12":0,"13":0,"14":19,"15":0,"16":3,"17":95,"18":0},"f":{"0":3,"1":0,"2":0,"3":0,"4":19,"5":0,"6":95,"7":0},"b":{"0":[0,0],"1":[10,9],"2":[19,16],"3":[10,9],"4":[19,16],"5":[10,9],"6":[19,16],"7":[12,7],"8":[19,16],"9":[19,5],"10":[19,14],"11":[95,38],"12":[38,0]},"_coverageSchema":"1a1c01bbd47fc00a2c39e90264f33305004495a9","hash":"2f029ec2e66faefd857c934dfa5b2da026363194"}
,"/Users/kavikasuzuki/Desktop/University_Of_Portland/2023_Spring/CS_341/cs341-spring-2023-bandage/diagnosis/screens/TeamInfo.js": {"path":"/Users/kavikasuzuki/Desktop/University_Of_Portland/2023_Spring/CS_341/cs341-spring-2023-bandage/diagnosis/screens/TeamInfo.js","statementMap":{"0":{"start":{"line":6,"column":17},"end":{"line":70,"column":1}},"1":{"start":{"line":7,"column":8},"end":{"line":69,"column":21}},"2":{"start":{"line":19,"column":43},"end":{"line":19,"column":101}},"3":{"start":{"line":25,"column":43},"end":{"line":25,"column":106}},"4":{"start":{"line":31,"column":43},"end":{"line":31,"column":118}},"5":{"start":{"line":37,"column":43},"end":{"line":37,"column":94}},"6":{"start":{"line":52,"column":34},"end":{"line":52,"column":88}},"7":{"start":{"line":72,"column":15},"end":{"line":89,"column":2}}},"fnMap":{"0":{"name":"(anonymous_0)","decl":{"start":{"line":6,"column":17},"end":{"line":6,"column":18}},"loc":{"start":{"line":7,"column":8},"end":{"line":69,"column":21}},"line":7},"1":{"name":"(anonymous_1)","decl":{"start":{"line":19,"column":37},"end":{"line":19,"column":38}},"loc":{"start":{"line":19,"column":43},"end":{"line":19,"column":101}},"line":19},"2":{"name":"(anonymous_2)","decl":{"start":{"line":25,"column":37},"end":{"line":25,"column":38}},"loc":{"start":{"line":25,"column":43},"end":{"line":25,"column":106}},"line":25},"3":{"name":"(anonymous_3)","decl":{"start":{"line":31,"column":37},"end":{"line":31,"column":38}},"loc":{"start":{"line":31,"column":43},"end":{"line":31,"column":118}},"line":31},"4":{"name":"(anonymous_4)","decl":{"start":{"line":37,"column":37},"end":{"line":37,"column":38}},"loc":{"start":{"line":37,"column":43},"end":{"line":37,"column":94}},"line":37},"5":{"name":"(anonymous_5)","decl":{"start":{"line":52,"column":29},"end":{"line":52,"column":30}},"loc":{"start":{"line":52,"column":33},"end":{"line":52,"column":89}},"line":52}},"branchMap":{},"s":{"0":3,"1":2,"2":0,"3":0,"4":0,"5":1,"6":0,"7":3},"f":{"0":2,"1":0,"2":0,"3":0,"4":1,"5":0},"b":{},"_coverageSchema":"1a1c01bbd47fc00a2c39e90264f33305004495a9","hash":"985ac311b398157f1953c59a824514cf1fa5e7bb"}
,"/Users/kavikasuzuki/Desktop/University_Of_Portland/2023_Spring/CS_341/cs341-spring-2023-bandage/diagnosis/screens/Topics.js": {"path":"/Users/kavikasuzuki/Desktop/University_Of_Portland/2023_Spring/CS_341/cs341-spring-2023-bandage/diagnosis/screens/Topics.js","statementMap":{"0":{"start":{"line":8,"column":39},"end":{"line":8,"column":54}},"1":{"start":{"line":9,"column":30},"end":{"line":11,"column":5}},"2":{"start":{"line":10,"column":8},"end":{"line":10,"column":34}},"3":{"start":{"line":13,"column":35},"end":{"line":13,"column":50}},"4":{"start":{"line":14,"column":28},"end":{"line":16,"column":5}},"5":{"start":{"line":15,"column":8},"end":{"line":15,"column":30}},"6":{"start":{"line":18,"column":39},"end":{"line":18,"column":54}},"7":{"start":{"line":19,"column":30},"end":{"line":21,"column":5}},"8":{"start":{"line":20,"column":8},"end":{"line":20,"column":34}},"9":{"start":{"line":23,"column":31},"end":{"line":23,"column":46}},"10":{"start":{"line":24,"column":26},"end":{"line":26,"column":5}},"11":{"start":{"line":25,"column":8},"end":{"line":25,"column":26}},"12":{"start":{"line":28,"column":37},"end":{"line":28,"column":52}},"13":{"start":{"line":29,"column":29},"end":{"line":31,"column":5}},"14":{"start":{"line":30,"column":8},"end":{"line":30,"column":32}},"15":{"start":{"line":33,"column":39},"end":{"line":33,"column":54}},"16":{"start":{"line":34,"column":30},"end":{"line":36,"column":5}},"17":{"start":{"line":35,"column":8},"end":{"line":35,"column":34}},"18":{"start":{"line":38,"column":37},"end":{"line":38,"column":52}},"19":{"start":{"line":39,"column":29},"end":{"line":41,"column":5}},"20":{"start":{"line":40,"column":8},"end":{"line":40,"column":32}},"21":{"start":{"line":43,"column":35},"end":{"line":43,"column":50}},"22":{"start":{"line":44,"column":28},"end":{"line":46,"column":5}},"23":{"start":{"line":45,"column":8},"end":{"line":45,"column":30}},"24":{"start":{"line":48,"column":31},"end":{"line":48,"column":46}},"25":{"start":{"line":49,"column":26},"end":{"line":51,"column":5}},"26":{"start":{"line":50,"column":8},"end":{"line":50,"column":26}},"27":{"start":{"line":53,"column":31},"end":{"line":53,"column":46}},"28":{"start":{"line":54,"column":26},"end":{"line":56,"column":5}},"29":{"start":{"line":55,"column":8},"end":{"line":55,"column":26}},"30":{"start":{"line":58,"column":35},"end":{"line":58,"column":50}},"31":{"start":{"line":59,"column":28},"end":{"line":61,"column":5}},"32":{"start":{"line":60,"column":8},"end":{"line":60,"column":30}},"33":{"start":{"line":63,"column":35},"end":{"line":63,"column":50}},"34":{"start":{"line":64,"column":28},"end":{"line":66,"column":5}},"35":{"start":{"line":65,"column":8},"end":{"line":65,"column":30}},"36":{"start":{"line":69,"column":28},"end":{"line":72,"column":5}},"37":{"start":{"line":70,"column":8},"end":{"line":70,"column":51}},"38":{"start":{"line":71,"column":8},"end":{"line":71,"column":34}},"39":{"start":{"line":74,"column":29},"end":{"line":77,"column":5}},"40":{"start":{"line":75,"column":8},"end":{"line":75,"column":45}},"41":{"start":{"line":76,"column":8},"end":{"line":76,"column":34}},"42":{"start":{"line":79,"column":26},"end":{"line":82,"column":5}},"43":{"start":{"line":80,"column":8},"end":{"line":80,"column":30}},"44":{"start":{"line":81,"column":8},"end":{"line":81,"column":54}},"45":{"start":{"line":84,"column":27},"end":{"line":87,"column":5}},"46":{"start":{"line":85,"column":8},"end":{"line":85,"column":30}},"47":{"start":{"line":86,"column":8},"end":{"line":86,"column":48}},"48":{"start":{"line":89,"column":28},"end":{"line":92,"column":5}},"49":{"start":{"line":90,"column":8},"end":{"line":90,"column":34}},"50":{"start":{"line":91,"column":8},"end":{"line":91,"column":47}},"51":{"start":{"line":94,"column":29},"end":{"line":97,"column":5}},"52":{"start":{"line":95,"column":8},"end":{"line":95,"column":34}},"53":{"start":{"line":96,"column":8},"end":{"line":96,"column":41}},"54":{"start":{"line":99,"column":24},"end":{"line":102,"column":5}},"55":{"start":{"line":100,"column":8},"end":{"line":100,"column":26}},"56":{"start":{"line":101,"column":8},"end":{"line":101,"column":43}},"57":{"start":{"line":104,"column":25},"end":{"line":107,"column":5}},"58":{"start":{"line":105,"column":8},"end":{"line":105,"column":26}},"59":{"start":{"line":106,"column":8},"end":{"line":106,"column":37}},"60":{"start":{"line":109,"column":27},"end":{"line":112,"column":5}},"61":{"start":{"line":110,"column":8},"end":{"line":110,"column":32}},"62":{"start":{"line":111,"column":8},"end":{"line":111,"column":50}},"63":{"start":{"line":114,"column":28},"end":{"line":117,"column":5}},"64":{"start":{"line":115,"column":8},"end":{"line":115,"column":32}},"65":{"start":{"line":116,"column":8},"end":{"line":116,"column":44}},"66":{"start":{"line":119,"column":28},"end":{"line":122,"column":5}},"67":{"start":{"line":120,"column":8},"end":{"line":120,"column":34}},"68":{"start":{"line":121,"column":8},"end":{"line":121,"column":51}},"69":{"start":{"line":124,"column":29},"end":{"line":127,"column":5}},"70":{"start":{"line":125,"column":8},"end":{"line":125,"column":34}},"71":{"start":{"line":126,"column":8},"end":{"line":126,"column":45}},"72":{"start":{"line":129,"column":27},"end":{"line":132,"column":5}},"73":{"start":{"line":130,"column":8},"end":{"line":130,"column":32}},"74":{"start":{"line":131,"column":8},"end":{"line":131,"column":46}},"75":{"start":{"line":134,"column":28},"end":{"line":137,"column":5}},"76":{"start":{"line":135,"column":8},"end":{"line":135,"column":32}},"77":{"start":{"line":136,"column":8},"end":{"line":136,"column":40}},"78":{"start":{"line":139,"column":34},"end":{"line":142,"column":5}},"79":{"start":{"line":140,"column":8},"end":{"line":140,"column":30}},"80":{"start":{"line":141,"column":8},"end":{"line":141,"column":53}},"81":{"start":{"line":144,"column":35},"end":{"line":147,"column":5}},"82":{"start":{"line":145,"column":8},"end":{"line":145,"column":30}},"83":{"start":{"line":146,"column":8},"end":{"line":146,"column":47}},"84":{"start":{"line":150,"column":24},"end":{"line":153,"column":5}},"85":{"start":{"line":151,"column":8},"end":{"line":151,"column":26}},"86":{"start":{"line":152,"column":8},"end":{"line":152,"column":43}},"87":{"start":{"line":155,"column":25},"end":{"line":158,"column":5}},"88":{"start":{"line":156,"column":8},"end":{"line":156,"column":26}},"89":{"start":{"line":157,"column":8},"end":{"line":157,"column":37}},"90":{"start":{"line":160,"column":24},"end":{"line":163,"column":5}},"91":{"start":{"line":161,"column":8},"end":{"line":161,"column":26}},"92":{"start":{"line":162,"column":8},"end":{"line":162,"column":43}},"93":{"start":{"line":165,"column":25},"end":{"line":168,"column":5}},"94":{"start":{"line":166,"column":8},"end":{"line":166,"column":26}},"95":{"start":{"line":167,"column":8},"end":{"line":167,"column":37}},"96":{"start":{"line":170,"column":27},"end":{"line":173,"column":5}},"97":{"start":{"line":171,"column":8},"end":{"line":171,"column":30}},"98":{"start":{"line":172,"column":8},"end":{"line":172,"column":51}},"99":{"start":{"line":175,"column":28},"end":{"line":178,"column":5}},"100":{"start":{"line":176,"column":8},"end":{"line":176,"column":30}},"101":{"start":{"line":177,"column":8},"end":{"line":177,"column":45}},"102":{"start":{"line":180,"column":26},"end":{"line":183,"column":5}},"103":{"start":{"line":181,"column":8},"end":{"line":181,"column":30}},"104":{"start":{"line":182,"column":8},"end":{"line":182,"column":45}},"105":{"start":{"line":185,"column":27},"end":{"line":188,"column":5}},"106":{"start":{"line":186,"column":8},"end":{"line":186,"column":30}},"107":{"start":{"line":187,"column":8},"end":{"line":187,"column":39}},"108":{"start":{"line":192,"column":4},"end":{"line":508,"column":6}},"109":{"start":{"line":514,"column":15},"end":{"line":597,"column":2}}},"fnMap":{"0":{"name":"Topics","decl":{"start":{"line":5,"column":24},"end":{"line":5,"column":30}},"loc":{"start":{"line":5,"column":44},"end":{"line":509,"column":1}},"line":5},"1":{"name":"(anonymous_1)","decl":{"start":{"line":9,"column":30},"end":{"line":9,"column":31}},"loc":{"start":{"line":9,"column":36},"end":{"line":11,"column":5}},"line":9},"2":{"name":"(anonymous_2)","decl":{"start":{"line":14,"column":28},"end":{"line":14,"column":29}},"loc":{"start":{"line":14,"column":34},"end":{"line":16,"column":5}},"line":14},"3":{"name":"(anonymous_3)","decl":{"start":{"line":19,"column":30},"end":{"line":19,"column":31}},"loc":{"start":{"line":19,"column":36},"end":{"line":21,"column":5}},"line":19},"4":{"name":"(anonymous_4)","decl":{"start":{"line":24,"column":26},"end":{"line":24,"column":27}},"loc":{"start":{"line":24,"column":32},"end":{"line":26,"column":5}},"line":24},"5":{"name":"(anonymous_5)","decl":{"start":{"line":29,"column":29},"end":{"line":29,"column":30}},"loc":{"start":{"line":29,"column":35},"end":{"line":31,"column":5}},"line":29},"6":{"name":"(anonymous_6)","decl":{"start":{"line":34,"column":30},"end":{"line":34,"column":31}},"loc":{"start":{"line":34,"column":36},"end":{"line":36,"column":5}},"line":34},"7":{"name":"(anonymous_7)","decl":{"start":{"line":39,"column":29},"end":{"line":39,"column":30}},"loc":{"start":{"line":39,"column":35},"end":{"line":41,"column":5}},"line":39},"8":{"name":"(anonymous_8)","decl":{"start":{"line":44,"column":28},"end":{"line":44,"column":29}},"loc":{"start":{"line":44,"column":34},"end":{"line":46,"column":5}},"line":44},"9":{"name":"(anonymous_9)","decl":{"start":{"line":49,"column":26},"end":{"line":49,"column":27}},"loc":{"start":{"line":49,"column":32},"end":{"line":51,"column":5}},"line":49},"10":{"name":"(anonymous_10)","decl":{"start":{"line":54,"column":26},"end":{"line":54,"column":27}},"loc":{"start":{"line":54,"column":32},"end":{"line":56,"column":5}},"line":54},"11":{"name":"(anonymous_11)","decl":{"start":{"line":59,"column":28},"end":{"line":59,"column":29}},"loc":{"start":{"line":59,"column":34},"end":{"line":61,"column":5}},"line":59},"12":{"name":"(anonymous_12)","decl":{"start":{"line":64,"column":28},"end":{"line":64,"column":29}},"loc":{"start":{"line":64,"column":34},"end":{"line":66,"column":5}},"line":64},"13":{"name":"(anonymous_13)","decl":{"start":{"line":69,"column":28},"end":{"line":69,"column":29}},"loc":{"start":{"line":69,"column":34},"end":{"line":72,"column":5}},"line":69},"14":{"name":"(anonymous_14)","decl":{"start":{"line":74,"column":29},"end":{"line":74,"column":30}},"loc":{"start":{"line":74,"column":35},"end":{"line":77,"column":5}},"line":74},"15":{"name":"(anonymous_15)","decl":{"start":{"line":79,"column":26},"end":{"line":79,"column":27}},"loc":{"start":{"line":79,"column":32},"end":{"line":82,"column":5}},"line":79},"16":{"name":"(anonymous_16)","decl":{"start":{"line":84,"column":27},"end":{"line":84,"column":28}},"loc":{"start":{"line":84,"column":33},"end":{"line":87,"column":5}},"line":84},"17":{"name":"(anonymous_17)","decl":{"start":{"line":89,"column":28},"end":{"line":89,"column":29}},"loc":{"start":{"line":89,"column":34},"end":{"line":92,"column":5}},"line":89},"18":{"name":"(anonymous_18)","decl":{"start":{"line":94,"column":29},"end":{"line":94,"column":30}},"loc":{"start":{"line":94,"column":35},"end":{"line":97,"column":5}},"line":94},"19":{"name":"(anonymous_19)","decl":{"start":{"line":99,"column":24},"end":{"line":99,"column":25}},"loc":{"start":{"line":99,"column":30},"end":{"line":102,"column":5}},"line":99},"20":{"name":"(anonymous_20)","decl":{"start":{"line":104,"column":25},"end":{"line":104,"column":26}},"loc":{"start":{"line":104,"column":31},"end":{"line":107,"column":5}},"line":104},"21":{"name":"(anonymous_21)","decl":{"start":{"line":109,"column":27},"end":{"line":109,"column":28}},"loc":{"start":{"line":109,"column":33},"end":{"line":112,"column":5}},"line":109},"22":{"name":"(anonymous_22)","decl":{"start":{"line":114,"column":28},"end":{"line":114,"column":29}},"loc":{"start":{"line":114,"column":34},"end":{"line":117,"column":5}},"line":114},"23":{"name":"(anonymous_23)","decl":{"start":{"line":119,"column":28},"end":{"line":119,"column":29}},"loc":{"start":{"line":119,"column":34},"end":{"line":122,"column":5}},"line":119},"24":{"name":"(anonymous_24)","decl":{"start":{"line":124,"column":29},"end":{"line":124,"column":30}},"loc":{"start":{"line":124,"column":35},"end":{"line":127,"column":5}},"line":124},"25":{"name":"(anonymous_25)","decl":{"start":{"line":129,"column":27},"end":{"line":129,"column":28}},"loc":{"start":{"line":129,"column":33},"end":{"line":132,"column":5}},"line":129},"26":{"name":"(anonymous_26)","decl":{"start":{"line":134,"column":28},"end":{"line":134,"column":29}},"loc":{"start":{"line":134,"column":34},"end":{"line":137,"column":5}},"line":134},"27":{"name":"(anonymous_27)","decl":{"start":{"line":139,"column":34},"end":{"line":139,"column":35}},"loc":{"start":{"line":139,"column":40},"end":{"line":142,"column":5}},"line":139},"28":{"name":"(anonymous_28)","decl":{"start":{"line":144,"column":35},"end":{"line":144,"column":36}},"loc":{"start":{"line":144,"column":41},"end":{"line":147,"column":5}},"line":144},"29":{"name":"(anonymous_29)","decl":{"start":{"line":150,"column":24},"end":{"line":150,"column":25}},"loc":{"start":{"line":150,"column":30},"end":{"line":153,"column":5}},"line":150},"30":{"name":"(anonymous_30)","decl":{"start":{"line":155,"column":25},"end":{"line":155,"column":26}},"loc":{"start":{"line":155,"column":31},"end":{"line":158,"column":5}},"line":155},"31":{"name":"(anonymous_31)","decl":{"start":{"line":160,"column":24},"end":{"line":160,"column":25}},"loc":{"start":{"line":160,"column":30},"end":{"line":163,"column":5}},"line":160},"32":{"name":"(anonymous_32)","decl":{"start":{"line":165,"column":25},"end":{"line":165,"column":26}},"loc":{"start":{"line":165,"column":31},"end":{"line":168,"column":5}},"line":165},"33":{"name":"(anonymous_33)","decl":{"start":{"line":170,"column":27},"end":{"line":170,"column":28}},"loc":{"start":{"line":170,"column":33},"end":{"line":173,"column":5}},"line":170},"34":{"name":"(anonymous_34)","decl":{"start":{"line":175,"column":28},"end":{"line":175,"column":29}},"loc":{"start":{"line":175,"column":34},"end":{"line":178,"column":5}},"line":175},"35":{"name":"(anonymous_35)","decl":{"start":{"line":180,"column":26},"end":{"line":180,"column":27}},"loc":{"start":{"line":180,"column":32},"end":{"line":183,"column":5}},"line":180},"36":{"name":"(anonymous_36)","decl":{"start":{"line":185,"column":27},"end":{"line":185,"column":28}},"loc":{"start":{"line":185,"column":33},"end":{"line":188,"column":5}},"line":185}},"branchMap":{},"s":{"0":1,"1":1,"2":0,"3":1,"4":1,"5":0,"6":1,"7":1,"8":0,"9":1,"10":1,"11":0,"12":1,"13":1,"14":0,"15":1,"16":1,"17":0,"18":1,"19":1,"20":0,"21":1,"22":1,"23":0,"24":1,"25":1,"26":0,"27":1,"28":1,"29":0,"30":1,"31":1,"32":0,"33":1,"34":1,"35":0,"36":1,"37":0,"38":0,"39":1,"40":0,"41":0,"42":1,"43":0,"44":0,"45":1,"46":0,"47":0,"48":1,"49":0,"50":0,"51":1,"52":0,"53":0,"54":1,"55":0,"56":0,"57":1,"58":0,"59":0,"60":1,"61":0,"62":0,"63":1,"64":0,"65":0,"66":1,"67":0,"68":0,"69":1,"70":0,"71":0,"72":1,"73":0,"74":0,"75":1,"76":0,"77":0,"78":1,"79":0,"80":0,"81":1,"82":0,"83":0,"84":1,"85":0,"86":0,"87":1,"88":0,"89":0,"90":1,"91":0,"92":0,"93":1,"94":0,"95":0,"96":1,"97":0,"98":0,"99":1,"100":0,"101":0,"102":1,"103":0,"104":0,"105":1,"106":0,"107":0,"108":1,"109":3},"f":{"0":1,"1":0,"2":0,"3":0,"4":0,"5":0,"6":0,"7":0,"8":0,"9":0,"10":0,"11":0,"12":0,"13":0,"14":0,"15":0,"16":0,"17":0,"18":0,"19":0,"20":0,"21":0,"22":0,"23":0,"24":0,"25":0,"26":0,"27":0,"28":0,"29":0,"30":0,"31":0,"32":0,"33":0,"34":0,"35":0,"36":0},"b":{},"_coverageSchema":"1a1c01bbd47fc00a2c39e90264f33305004495a9","hash":"b8fb73c72c15a93119661b83db6d12836bd4cec7"}
,"/Users/kavikasuzuki/Desktop/University_Of_Portland/2023_Spring/CS_341/cs341-spring-2023-bandage/diagnosis/screens/topics-screens/Cardiology_MM.js": {"path":"/Users/kavikasuzuki/Desktop/University_Of_Portland/2023_Spring/CS_341/cs341-spring-2023-bandage/diagnosis/screens/topics-screens/Cardiology_MM.js","statementMap":{"0":{"start":{"line":6,"column":22},"end":{"line":13,"column":1}},"1":{"start":{"line":7,"column":4},"end":{"line":12,"column":11}},"2":{"start":{"line":15,"column":15},"end":{"line":27,"column":2}}},"fnMap":{"0":{"name":"(anonymous_0)","decl":{"start":{"line":6,"column":22},"end":{"line":6,"column":23}},"loc":{"start":{"line":7,"column":4},"end":{"line":12,"column":11}},"line":7}},"branchMap":{},"s":{"0":3,"1":1,"2":3},"f":{"0":1},"b":{},"_coverageSchema":"1a1c01bbd47fc00a2c39e90264f33305004495a9","hash":"f3274124634d1f7e5c24c9d61a8b652692f159c6"}
,"/Users/kavikasuzuki/Desktop/University_Of_Portland/2023_Spring/CS_341/cs341-spring-2023-bandage/diagnosis/screens/topics-screens/Cardiology_Tutorial.js": {"path":"/Users/kavikasuzuki/Desktop/University_Of_Portland/2023_Spring/CS_341/cs341-spring-2023-bandage/diagnosis/screens/topics-screens/Cardiology_Tutorial.js","statementMap":{"0":{"start":{"line":5,"column":28},"end":{"line":13,"column":1}},"1":{"start":{"line":6,"column":4},"end":{"line":12,"column":11}},"2":{"start":{"line":15,"column":15},"end":{"line":27,"column":2}}},"fnMap":{"0":{"name":"(anonymous_0)","decl":{"start":{"line":5,"column":28},"end":{"line":5,"column":29}},"loc":{"start":{"line":6,"column":4},"end":{"line":12,"column":11}},"line":6}},"branchMap":{},"s":{"0":3,"1":1,"2":3},"f":{"0":1},"b":{},"_coverageSchema":"1a1c01bbd47fc00a2c39e90264f33305004495a9","hash":"d33a9958fb5a95938895813732669d28751e05c7"}
,"/Users/kavikasuzuki/Desktop/University_Of_Portland/2023_Spring/CS_341/cs341-spring-2023-bandage/diagnosis/screens/topics-screens/Endocrinology_MM.js": {"path":"/Users/kavikasuzuki/Desktop/University_Of_Portland/2023_Spring/CS_341/cs341-spring-2023-bandage/diagnosis/screens/topics-screens/Endocrinology_MM.js","statementMap":{"0":{"start":{"line":5,"column":31},"end":{"line":12,"column":1}},"1":{"start":{"line":6,"column":4},"end":{"line":11,"column":11}},"2":{"start":{"line":14,"column":15},"end":{"line":26,"column":2}}},"fnMap":{"0":{"name":"(anonymous_0)","decl":{"start":{"line":5,"column":31},"end":{"line":5,"column":32}},"loc":{"start":{"line":6,"column":4},"end":{"line":11,"column":11}},"line":6}},"branchMap":{},"s":{"0":3,"1":2,"2":3},"f":{"0":2},"b":{},"_coverageSchema":"1a1c01bbd47fc00a2c39e90264f33305004495a9","hash":"0594c4938cfca18f5d9340697a6de682e5014363"}
,"/Users/kavikasuzuki/Desktop/University_Of_Portland/2023_Spring/CS_341/cs341-spring-2023-bandage/diagnosis/screens/topics-screens/Endocrinology_Tutorial.js": {"path":"/Users/kavikasuzuki/Desktop/University_Of_Portland/2023_Spring/CS_341/cs341-spring-2023-bandage/diagnosis/screens/topics-screens/Endocrinology_Tutorial.js","statementMap":{"0":{"start":{"line":5,"column":31},"end":{"line":12,"column":1}},"1":{"start":{"line":6,"column":4},"end":{"line":11,"column":11}},"2":{"start":{"line":14,"column":15},"end":{"line":26,"column":2}}},"fnMap":{"0":{"name":"(anonymous_0)","decl":{"start":{"line":5,"column":31},"end":{"line":5,"column":32}},"loc":{"start":{"line":6,"column":4},"end":{"line":11,"column":11}},"line":6}},"branchMap":{},"s":{"0":3,"1":1,"2":3},"f":{"0":1},"b":{},"_coverageSchema":"1a1c01bbd47fc00a2c39e90264f33305004495a9","hash":"70c4d4373f415a519239aceb2ce86eb16d5b80a5"}
,"/Users/kavikasuzuki/Desktop/University_Of_Portland/2023_Spring/CS_341/cs341-spring-2023-bandage/diagnosis/screens/topics-screens/Gastro_MM.js": {"path":"/Users/kavikasuzuki/Desktop/University_Of_Portland/2023_Spring/CS_341/cs341-spring-2023-bandage/diagnosis/screens/topics-screens/Gastro_MM.js","statementMap":{"0":{"start":{"line":5,"column":18},"end":{"line":12,"column":1}},"1":{"start":{"line":6,"column":4},"end":{"line":11,"column":11}},"2":{"start":{"line":14,"column":15},"end":{"line":26,"column":2}}},"fnMap":{"0":{"name":"(anonymous_0)","decl":{"start":{"line":5,"column":18},"end":{"line":5,"column":19}},"loc":{"start":{"line":6,"column":4},"end":{"line":11,"column":11}},"line":6}},"branchMap":{},"s":{"0":2,"1":0,"2":2},"f":{"0":0},"b":{},"_coverageSchema":"1a1c01bbd47fc00a2c39e90264f33305004495a9","hash":"ec7d7b38217e07dcfb222c4b37b4ac484ec553b2"}
,"/Users/kavikasuzuki/Desktop/University_Of_Portland/2023_Spring/CS_341/cs341-spring-2023-bandage/diagnosis/screens/topics-screens/Gastro_Tutorial.js": {"path":"/Users/kavikasuzuki/Desktop/University_Of_Portland/2023_Spring/CS_341/cs341-spring-2023-bandage/diagnosis/screens/topics-screens/Gastro_Tutorial.js","statementMap":{"0":{"start":{"line":5,"column":24},"end":{"line":12,"column":1}},"1":{"start":{"line":6,"column":4},"end":{"line":11,"column":11}},"2":{"start":{"line":14,"column":15},"end":{"line":26,"column":2}}},"fnMap":{"0":{"name":"(anonymous_0)","decl":{"start":{"line":5,"column":24},"end":{"line":5,"column":25}},"loc":{"start":{"line":6,"column":4},"end":{"line":11,"column":11}},"line":6}},"branchMap":{},"s":{"0":3,"1":1,"2":3},"f":{"0":1},"b":{},"_coverageSchema":"1a1c01bbd47fc00a2c39e90264f33305004495a9","hash":"407911f0e3785a5e15b2783d4df7487996e50d3c"}
,"/Users/kavikasuzuki/Desktop/University_Of_Portland/2023_Spring/CS_341/cs341-spring-2023-bandage/diagnosis/screens/topics-screens/HC_MM.js": {"path":"/Users/kavikasuzuki/Desktop/University_Of_Portland/2023_Spring/CS_341/cs341-spring-2023-bandage/diagnosis/screens/topics-screens/HC_MM.js","statementMap":{"0":{"start":{"line":5,"column":14},"end":{"line":12,"column":1}},"1":{"start":{"line":6,"column":4},"end":{"line":11,"column":11}},"2":{"start":{"line":14,"column":15},"end":{"line":26,"column":2}}},"fnMap":{"0":{"name":"(anonymous_0)","decl":{"start":{"line":5,"column":14},"end":{"line":5,"column":15}},"loc":{"start":{"line":6,"column":4},"end":{"line":11,"column":11}},"line":6}},"branchMap":{},"s":{"0":3,"1":1,"2":3},"f":{"0":1},"b":{},"_coverageSchema":"1a1c01bbd47fc00a2c39e90264f33305004495a9","hash":"d8b4258d1c814cae03395812c25e5005b4abc958"}
,"/Users/kavikasuzuki/Desktop/University_Of_Portland/2023_Spring/CS_341/cs341-spring-2023-bandage/diagnosis/screens/topics-screens/HC_Tutorial.js": {"path":"/Users/kavikasuzuki/Desktop/University_Of_Portland/2023_Spring/CS_341/cs341-spring-2023-bandage/diagnosis/screens/topics-screens/HC_Tutorial.js","statementMap":{"0":{"start":{"line":5,"column":20},"end":{"line":12,"column":1}},"1":{"start":{"line":6,"column":4},"end":{"line":11,"column":11}},"2":{"start":{"line":14,"column":15},"end":{"line":26,"column":2}}},"fnMap":{"0":{"name":"(anonymous_0)","decl":{"start":{"line":5,"column":20},"end":{"line":5,"column":21}},"loc":{"start":{"line":6,"column":4},"end":{"line":11,"column":11}},"line":6}},"branchMap":{},"s":{"0":3,"1":1,"2":3},"f":{"0":1},"b":{},"_coverageSchema":"1a1c01bbd47fc00a2c39e90264f33305004495a9","hash":"e203e8ee879dcf680c54cd2f6ac4c3770cfb2fe2"}
,"/Users/kavikasuzuki/Desktop/University_Of_Portland/2023_Spring/CS_341/cs341-spring-2023-bandage/diagnosis/screens/topics-screens/HO_MM.js": {"path":"/Users/kavikasuzuki/Desktop/University_Of_Portland/2023_Spring/CS_341/cs341-spring-2023-bandage/diagnosis/screens/topics-screens/HO_MM.js","statementMap":{"0":{"start":{"line":5,"column":14},"end":{"line":12,"column":1}},"1":{"start":{"line":6,"column":4},"end":{"line":11,"column":11}},"2":{"start":{"line":14,"column":15},"end":{"line":26,"column":2}}},"fnMap":{"0":{"name":"(anonymous_0)","decl":{"start":{"line":5,"column":14},"end":{"line":5,"column":15}},"loc":{"start":{"line":6,"column":4},"end":{"line":11,"column":11}},"line":6}},"branchMap":{},"s":{"0":3,"1":1,"2":3},"f":{"0":1},"b":{},"_coverageSchema":"1a1c01bbd47fc00a2c39e90264f33305004495a9","hash":"96855f7ea3c62e4538c723185039feceb5a62dac"}
,"/Users/kavikasuzuki/Desktop/University_Of_Portland/2023_Spring/CS_341/cs341-spring-2023-bandage/diagnosis/screens/topics-screens/HO_Tutorial.js": {"path":"/Users/kavikasuzuki/Desktop/University_Of_Portland/2023_Spring/CS_341/cs341-spring-2023-bandage/diagnosis/screens/topics-screens/HO_Tutorial.js","statementMap":{"0":{"start":{"line":5,"column":20},"end":{"line":12,"column":1}},"1":{"start":{"line":6,"column":4},"end":{"line":11,"column":11}},"2":{"start":{"line":14,"column":15},"end":{"line":26,"column":2}}},"fnMap":{"0":{"name":"(anonymous_0)","decl":{"start":{"line":5,"column":20},"end":{"line":5,"column":21}},"loc":{"start":{"line":6,"column":4},"end":{"line":11,"column":11}},"line":6}},"branchMap":{},"s":{"0":3,"1":1,"2":3},"f":{"0":1},"b":{},"_coverageSchema":"1a1c01bbd47fc00a2c39e90264f33305004495a9","hash":"84e21fc994de95014cb353563579575f5b81814f"}
,"/Users/kavikasuzuki/Desktop/University_Of_Portland/2023_Spring/CS_341/cs341-spring-2023-bandage/diagnosis/screens/topics-screens/ID_MM.js": {"path":"/Users/kavikasuzuki/Desktop/University_Of_Portland/2023_Spring/CS_341/cs341-spring-2023-bandage/diagnosis/screens/topics-screens/ID_MM.js","statementMap":{"0":{"start":{"line":5,"column":14},"end":{"line":12,"column":1}},"1":{"start":{"line":6,"column":4},"end":{"line":11,"column":11}},"2":{"start":{"line":14,"column":15},"end":{"line":26,"column":2}}},"fnMap":{"0":{"name":"(anonymous_0)","decl":{"start":{"line":5,"column":14},"end":{"line":5,"column":15}},"loc":{"start":{"line":6,"column":4},"end":{"line":11,"column":11}},"line":6}},"branchMap":{},"s":{"0":3,"1":1,"2":3},"f":{"0":1},"b":{},"_coverageSchema":"1a1c01bbd47fc00a2c39e90264f33305004495a9","hash":"6e7c8d29d7e67b74ffe0f03b4f9b8b017032bb36"}
,"/Users/kavikasuzuki/Desktop/University_Of_Portland/2023_Spring/CS_341/cs341-spring-2023-bandage/diagnosis/screens/topics-screens/ID_Tutorial.js": {"path":"/Users/kavikasuzuki/Desktop/University_Of_Portland/2023_Spring/CS_341/cs341-spring-2023-bandage/diagnosis/screens/topics-screens/ID_Tutorial.js","statementMap":{"0":{"start":{"line":5,"column":20},"end":{"line":12,"column":1}},"1":{"start":{"line":6,"column":4},"end":{"line":11,"column":11}},"2":{"start":{"line":14,"column":15},"end":{"line":26,"column":2}}},"fnMap":{"0":{"name":"(anonymous_0)","decl":{"start":{"line":5,"column":20},"end":{"line":5,"column":21}},"loc":{"start":{"line":6,"column":4},"end":{"line":11,"column":11}},"line":6}},"branchMap":{},"s":{"0":3,"1":1,"2":3},"f":{"0":1},"b":{},"_coverageSchema":"1a1c01bbd47fc00a2c39e90264f33305004495a9","hash":"33876fcdd2e1cb3aab4748a40dd8d4f686002937"}
,"/Users/kavikasuzuki/Desktop/University_Of_Portland/2023_Spring/CS_341/cs341-spring-2023-bandage/diagnosis/screens/topics-screens/Misc_MM.js": {"path":"/Users/kavikasuzuki/Desktop/University_Of_Portland/2023_Spring/CS_341/cs341-spring-2023-bandage/diagnosis/screens/topics-screens/Misc_MM.js","statementMap":{"0":{"start":{"line":5,"column":16},"end":{"line":12,"column":1}},"1":{"start":{"line":6,"column":4},"end":{"line":11,"column":11}},"2":{"start":{"line":14,"column":15},"end":{"line":26,"column":2}}},"fnMap":{"0":{"name":"(anonymous_0)","decl":{"start":{"line":5,"column":16},"end":{"line":5,"column":17}},"loc":{"start":{"line":6,"column":4},"end":{"line":11,"column":11}},"line":6}},"branchMap":{},"s":{"0":3,"1":1,"2":3},"f":{"0":1},"b":{},"_coverageSchema":"1a1c01bbd47fc00a2c39e90264f33305004495a9","hash":"ecf1993f08a2c5c027d71c76cb92742436ca33b5"}
,"/Users/kavikasuzuki/Desktop/University_Of_Portland/2023_Spring/CS_341/cs341-spring-2023-bandage/diagnosis/screens/topics-screens/Misc_Tutorial.js": {"path":"/Users/kavikasuzuki/Desktop/University_Of_Portland/2023_Spring/CS_341/cs341-spring-2023-bandage/diagnosis/screens/topics-screens/Misc_Tutorial.js","statementMap":{"0":{"start":{"line":5,"column":22},"end":{"line":12,"column":1}},"1":{"start":{"line":6,"column":4},"end":{"line":11,"column":11}},"2":{"start":{"line":14,"column":15},"end":{"line":26,"column":2}}},"fnMap":{"0":{"name":"(anonymous_0)","decl":{"start":{"line":5,"column":22},"end":{"line":5,"column":23}},"loc":{"start":{"line":6,"column":4},"end":{"line":11,"column":11}},"line":6}},"branchMap":{},"s":{"0":3,"1":1,"2":3},"f":{"0":1},"b":{},"_coverageSchema":"1a1c01bbd47fc00a2c39e90264f33305004495a9","hash":"e0ba03122109ec0477f564e3f899bb997f07fed3"}
,"/Users/kavikasuzuki/Desktop/University_Of_Portland/2023_Spring/CS_341/cs341-spring-2023-bandage/diagnosis/screens/topics-screens/Nails_MM.js": {"path":"/Users/kavikasuzuki/Desktop/University_Of_Portland/2023_Spring/CS_341/cs341-spring-2023-bandage/diagnosis/screens/topics-screens/Nails_MM.js","statementMap":{"0":{"start":{"line":5,"column":17},"end":{"line":12,"column":1}},"1":{"start":{"line":6,"column":4},"end":{"line":11,"column":11}},"2":{"start":{"line":14,"column":15},"end":{"line":26,"column":2}}},"fnMap":{"0":{"name":"(anonymous_0)","decl":{"start":{"line":5,"column":17},"end":{"line":5,"column":18}},"loc":{"start":{"line":6,"column":4},"end":{"line":11,"column":11}},"line":6}},"branchMap":{},"s":{"0":3,"1":1,"2":3},"f":{"0":1},"b":{},"_coverageSchema":"1a1c01bbd47fc00a2c39e90264f33305004495a9","hash":"621befb13b2768559006d110ab08f669e8afdde5"}
,"/Users/kavikasuzuki/Desktop/University_Of_Portland/2023_Spring/CS_341/cs341-spring-2023-bandage/diagnosis/screens/topics-screens/Nails_Tutorial.js": {"path":"/Users/kavikasuzuki/Desktop/University_Of_Portland/2023_Spring/CS_341/cs341-spring-2023-bandage/diagnosis/screens/topics-screens/Nails_Tutorial.js","statementMap":{"0":{"start":{"line":5,"column":23},"end":{"line":12,"column":1}},"1":{"start":{"line":6,"column":4},"end":{"line":11,"column":11}},"2":{"start":{"line":14,"column":15},"end":{"line":26,"column":2}}},"fnMap":{"0":{"name":"(anonymous_0)","decl":{"start":{"line":5,"column":23},"end":{"line":5,"column":24}},"loc":{"start":{"line":6,"column":4},"end":{"line":11,"column":11}},"line":6}},"branchMap":{},"s":{"0":3,"1":1,"2":3},"f":{"0":1},"b":{},"_coverageSchema":"1a1c01bbd47fc00a2c39e90264f33305004495a9","hash":"30549a99d4069b6306e8d82d19ef78b640a220a9"}
,"/Users/kavikasuzuki/Desktop/University_Of_Portland/2023_Spring/CS_341/cs341-spring-2023-bandage/diagnosis/screens/topics-screens/Nephrology_MM.js": {"path":"/Users/kavikasuzuki/Desktop/University_Of_Portland/2023_Spring/CS_341/cs341-spring-2023-bandage/diagnosis/screens/topics-screens/Nephrology_MM.js","statementMap":{"0":{"start":{"line":5,"column":22},"end":{"line":12,"column":1}},"1":{"start":{"line":6,"column":4},"end":{"line":11,"column":11}},"2":{"start":{"line":14,"column":15},"end":{"line":26,"column":2}}},"fnMap":{"0":{"name":"(anonymous_0)","decl":{"start":{"line":5,"column":22},"end":{"line":5,"column":23}},"loc":{"start":{"line":6,"column":4},"end":{"line":11,"column":11}},"line":6}},"branchMap":{},"s":{"0":3,"1":1,"2":3},"f":{"0":1},"b":{},"_coverageSchema":"1a1c01bbd47fc00a2c39e90264f33305004495a9","hash":"f1a4a19366fb802cce0dcd81d5fd8032d407225a"}
,"/Users/kavikasuzuki/Desktop/University_Of_Portland/2023_Spring/CS_341/cs341-spring-2023-bandage/diagnosis/screens/topics-screens/Nephrology_Tutorial.js": {"path":"/Users/kavikasuzuki/Desktop/University_Of_Portland/2023_Spring/CS_341/cs341-spring-2023-bandage/diagnosis/screens/topics-screens/Nephrology_Tutorial.js","statementMap":{"0":{"start":{"line":5,"column":28},"end":{"line":12,"column":1}},"1":{"start":{"line":6,"column":4},"end":{"line":11,"column":11}},"2":{"start":{"line":14,"column":15},"end":{"line":26,"column":2}}},"fnMap":{"0":{"name":"(anonymous_0)","decl":{"start":{"line":5,"column":28},"end":{"line":5,"column":29}},"loc":{"start":{"line":6,"column":4},"end":{"line":11,"column":11}},"line":6}},"branchMap":{},"s":{"0":3,"1":1,"2":3},"f":{"0":1},"b":{},"_coverageSchema":"1a1c01bbd47fc00a2c39e90264f33305004495a9","hash":"c6bfe18a5d1ef78279078fc1c2c7c644302a54e4"}
,"/Users/kavikasuzuki/Desktop/University_Of_Portland/2023_Spring/CS_341/cs341-spring-2023-bandage/diagnosis/screens/topics-screens/Neurology_MM.js": {"path":"/Users/kavikasuzuki/Desktop/University_Of_Portland/2023_Spring/CS_341/cs341-spring-2023-bandage/diagnosis/screens/topics-screens/Neurology_MM.js","statementMap":{"0":{"start":{"line":5,"column":21},"end":{"line":12,"column":1}},"1":{"start":{"line":6,"column":4},"end":{"line":11,"column":11}},"2":{"start":{"line":14,"column":15},"end":{"line":26,"column":2}}},"fnMap":{"0":{"name":"(anonymous_0)","decl":{"start":{"line":5,"column":21},"end":{"line":5,"column":22}},"loc":{"start":{"line":6,"column":4},"end":{"line":11,"column":11}},"line":6}},"branchMap":{},"s":{"0":3,"1":1,"2":3},"f":{"0":1},"b":{},"_coverageSchema":"1a1c01bbd47fc00a2c39e90264f33305004495a9","hash":"ee0aa099f33376b62e123320d589ae09ed2fdd82"}
,"/Users/kavikasuzuki/Desktop/University_Of_Portland/2023_Spring/CS_341/cs341-spring-2023-bandage/diagnosis/screens/topics-screens/Neurology_Tutorial.js": {"path":"/Users/kavikasuzuki/Desktop/University_Of_Portland/2023_Spring/CS_341/cs341-spring-2023-bandage/diagnosis/screens/topics-screens/Neurology_Tutorial.js","statementMap":{"0":{"start":{"line":5,"column":27},"end":{"line":12,"column":1}},"1":{"start":{"line":6,"column":4},"end":{"line":11,"column":11}},"2":{"start":{"line":14,"column":15},"end":{"line":26,"column":2}}},"fnMap":{"0":{"name":"(anonymous_0)","decl":{"start":{"line":5,"column":27},"end":{"line":5,"column":28}},"loc":{"start":{"line":6,"column":4},"end":{"line":11,"column":11}},"line":6}},"branchMap":{},"s":{"0":3,"1":1,"2":3},"f":{"0":1},"b":{},"_coverageSchema":"1a1c01bbd47fc00a2c39e90264f33305004495a9","hash":"fa397acdd7bfccc26cd42c6134ebab576b3073c5"}
,"/Users/kavikasuzuki/Desktop/University_Of_Portland/2023_Spring/CS_341/cs341-spring-2023-bandage/diagnosis/screens/topics-screens/Pulmonolgy.js": {"path":"/Users/kavikasuzuki/Desktop/University_Of_Portland/2023_Spring/CS_341/cs341-spring-2023-bandage/diagnosis/screens/topics-screens/Pulmonolgy.js","statementMap":{"0":{"start":{"line":5,"column":28},"end":{"line":12,"column":1}},"1":{"start":{"line":6,"column":4},"end":{"line":11,"column":11}},"2":{"start":{"line":14,"column":15},"end":{"line":26,"column":2}}},"fnMap":{"0":{"name":"(anonymous_0)","decl":{"start":{"line":5,"column":28},"end":{"line":5,"column":29}},"loc":{"start":{"line":6,"column":4},"end":{"line":11,"column":11}},"line":6}},"branchMap":{},"s":{"0":3,"1":1,"2":3},"f":{"0":1},"b":{},"_coverageSchema":"1a1c01bbd47fc00a2c39e90264f33305004495a9","hash":"e3ebe3bf19d8fe408581a22b47bc25bc2dd40a42"}
,"/Users/kavikasuzuki/Desktop/University_Of_Portland/2023_Spring/CS_341/cs341-spring-2023-bandage/diagnosis/screens/topics-screens/Pulmonology_MM.js": {"path":"/Users/kavikasuzuki/Desktop/University_Of_Portland/2023_Spring/CS_341/cs341-spring-2023-bandage/diagnosis/screens/topics-screens/Pulmonology_MM.js","statementMap":{"0":{"start":{"line":5,"column":22},"end":{"line":12,"column":1}},"1":{"start":{"line":6,"column":4},"end":{"line":11,"column":11}},"2":{"start":{"line":14,"column":15},"end":{"line":26,"column":2}}},"fnMap":{"0":{"name":"(anonymous_0)","decl":{"start":{"line":5,"column":22},"end":{"line":5,"column":23}},"loc":{"start":{"line":6,"column":4},"end":{"line":11,"column":11}},"line":6}},"branchMap":{},"s":{"0":3,"1":1,"2":3},"f":{"0":1},"b":{},"_coverageSchema":"1a1c01bbd47fc00a2c39e90264f33305004495a9","hash":"fd013b9e72ad58b7f6596e398668b7b12953568d"}
,"/Users/kavikasuzuki/Desktop/University_Of_Portland/2023_Spring/CS_341/cs341-spring-2023-bandage/diagnosis/screens/topics-screens/Rheumatology_MM.js": {"path":"/Users/kavikasuzuki/Desktop/University_Of_Portland/2023_Spring/CS_341/cs341-spring-2023-bandage/diagnosis/screens/topics-screens/Rheumatology_MM.js","statementMap":{"0":{"start":{"line":5,"column":24},"end":{"line":12,"column":1}},"1":{"start":{"line":6,"column":4},"end":{"line":11,"column":11}},"2":{"start":{"line":14,"column":15},"end":{"line":26,"column":2}}},"fnMap":{"0":{"name":"(anonymous_0)","decl":{"start":{"line":5,"column":24},"end":{"line":5,"column":25}},"loc":{"start":{"line":6,"column":4},"end":{"line":11,"column":11}},"line":6}},"branchMap":{},"s":{"0":3,"1":1,"2":3},"f":{"0":1},"b":{},"_coverageSchema":"1a1c01bbd47fc00a2c39e90264f33305004495a9","hash":"c835561f9b820847d09fd3e47737a30d6b341bf0"}
,"/Users/kavikasuzuki/Desktop/University_Of_Portland/2023_Spring/CS_341/cs341-spring-2023-bandage/diagnosis/screens/topics-screens/Rheumatology_Tutorial.js": {"path":"/Users/kavikasuzuki/Desktop/University_Of_Portland/2023_Spring/CS_341/cs341-spring-2023-bandage/diagnosis/screens/topics-screens/Rheumatology_Tutorial.js","statementMap":{"0":{"start":{"line":5,"column":30},"end":{"line":12,"column":1}},"1":{"start":{"line":6,"column":4},"end":{"line":11,"column":11}},"2":{"start":{"line":14,"column":15},"end":{"line":26,"column":2}}},"fnMap":{"0":{"name":"(anonymous_0)","decl":{"start":{"line":5,"column":30},"end":{"line":5,"column":31}},"loc":{"start":{"line":6,"column":4},"end":{"line":11,"column":11}},"line":6}},"branchMap":{},"s":{"0":3,"1":1,"2":3},"f":{"0":1},"b":{},"_coverageSchema":"1a1c01bbd47fc00a2c39e90264f33305004495a9","hash":"9bf7d4d89448ca5d5e975cb5166f5f19afe2b9d3"}
}
